{"timestamp":"2025-08-14T19:00:48.470604","level":"info","event":"Filling up the DagBag from /opt/airflow/dags/user_processing.py","logger":"airflow.models.dagbag.DagBag"}
{"timestamp":"2025-08-14T19:01:19.732578","level":"info","event":"Filling up the DagBag from /opt/airflow/dags/user_processing.py","logger":"airflow.models.dagbag.DagBag"}
{"timestamp":"2025-08-14T19:01:50.101162","level":"info","event":"Filling up the DagBag from /opt/airflow/dags/user_processing.py","logger":"airflow.models.dagbag.DagBag"}
{"timestamp":"2025-08-14T19:02:20.499158","level":"info","event":"Filling up the DagBag from /opt/airflow/dags/user_processing.py","logger":"airflow.models.dagbag.DagBag"}
{"timestamp":"2025-08-14T19:02:50.915224","level":"info","event":"Filling up the DagBag from /opt/airflow/dags/user_processing.py","logger":"airflow.models.dagbag.DagBag"}
{"timestamp":"2025-08-14T19:03:21.319242","level":"info","event":"Filling up the DagBag from /opt/airflow/dags/user_processing.py","logger":"airflow.models.dagbag.DagBag"}
{"timestamp":"2025-08-14T19:03:51.731038","level":"info","event":"Filling up the DagBag from /opt/airflow/dags/user_processing.py","logger":"airflow.models.dagbag.DagBag"}
{"timestamp":"2025-08-14T19:04:22.147744","level":"info","event":"Filling up the DagBag from /opt/airflow/dags/user_processing.py","logger":"airflow.models.dagbag.DagBag"}
{"timestamp":"2025-08-14T19:04:52.529189","level":"info","event":"Filling up the DagBag from /opt/airflow/dags/user_processing.py","logger":"airflow.models.dagbag.DagBag"}
{"timestamp":"2025-08-14T19:05:22.892392","level":"info","event":"Filling up the DagBag from /opt/airflow/dags/user_processing.py","logger":"airflow.models.dagbag.DagBag"}
{"timestamp":"2025-08-14T19:05:53.314626","level":"info","event":"Filling up the DagBag from /opt/airflow/dags/user_processing.py","logger":"airflow.models.dagbag.DagBag"}
{"timestamp":"2025-08-14T19:06:23.702906","level":"info","event":"Filling up the DagBag from /opt/airflow/dags/user_processing.py","logger":"airflow.models.dagbag.DagBag"}
{"timestamp":"2025-08-14T19:06:54.145871","level":"info","event":"Filling up the DagBag from /opt/airflow/dags/user_processing.py","logger":"airflow.models.dagbag.DagBag"}
{"timestamp":"2025-08-14T19:07:24.573360","level":"info","event":"Filling up the DagBag from /opt/airflow/dags/user_processing.py","logger":"airflow.models.dagbag.DagBag"}
{"timestamp":"2025-08-14T19:07:54.959582","level":"info","event":"Filling up the DagBag from /opt/airflow/dags/user_processing.py","logger":"airflow.models.dagbag.DagBag"}
{"timestamp":"2025-08-14T19:08:25.320540","level":"info","event":"Filling up the DagBag from /opt/airflow/dags/user_processing.py","logger":"airflow.models.dagbag.DagBag"}
{"timestamp":"2025-08-14T19:08:55.672590","level":"info","event":"Filling up the DagBag from /opt/airflow/dags/user_processing.py","logger":"airflow.models.dagbag.DagBag"}
{"timestamp":"2025-08-14T19:09:26.027175","level":"info","event":"Filling up the DagBag from /opt/airflow/dags/user_processing.py","logger":"airflow.models.dagbag.DagBag"}
{"timestamp":"2025-08-14T19:09:56.393204","level":"info","event":"Filling up the DagBag from /opt/airflow/dags/user_processing.py","logger":"airflow.models.dagbag.DagBag"}
{"timestamp":"2025-08-14T19:10:26.740268","level":"info","event":"Filling up the DagBag from /opt/airflow/dags/user_processing.py","logger":"airflow.models.dagbag.DagBag"}
{"timestamp":"2025-08-14T19:10:57.128240","level":"info","event":"Filling up the DagBag from /opt/airflow/dags/user_processing.py","logger":"airflow.models.dagbag.DagBag"}
{"timestamp":"2025-08-14T19:11:27.467076","level":"info","event":"Filling up the DagBag from /opt/airflow/dags/user_processing.py","logger":"airflow.models.dagbag.DagBag"}
{"timestamp":"2025-08-14T19:11:57.805234","level":"info","event":"Filling up the DagBag from /opt/airflow/dags/user_processing.py","logger":"airflow.models.dagbag.DagBag"}
{"timestamp":"2025-08-14T19:12:28.161326","level":"info","event":"Filling up the DagBag from /opt/airflow/dags/user_processing.py","logger":"airflow.models.dagbag.DagBag"}
{"timestamp":"2025-08-14T19:12:58.505744","level":"info","event":"Filling up the DagBag from /opt/airflow/dags/user_processing.py","logger":"airflow.models.dagbag.DagBag"}
{"timestamp":"2025-08-14T19:13:28.843068","level":"info","event":"Filling up the DagBag from /opt/airflow/dags/user_processing.py","logger":"airflow.models.dagbag.DagBag"}
{"timestamp":"2025-08-14T19:13:59.165390","level":"info","event":"Filling up the DagBag from /opt/airflow/dags/user_processing.py","logger":"airflow.models.dagbag.DagBag"}
{"timestamp":"2025-08-14T19:14:29.531358","level":"info","event":"Filling up the DagBag from /opt/airflow/dags/user_processing.py","logger":"airflow.models.dagbag.DagBag"}
{"timestamp":"2025-08-14T19:14:59.857366","level":"info","event":"Filling up the DagBag from /opt/airflow/dags/user_processing.py","logger":"airflow.models.dagbag.DagBag"}
{"timestamp":"2025-08-14T19:15:30.210956","level":"info","event":"Filling up the DagBag from /opt/airflow/dags/user_processing.py","logger":"airflow.models.dagbag.DagBag"}
{"timestamp":"2025-08-14T19:16:00.566170","level":"info","event":"Filling up the DagBag from /opt/airflow/dags/user_processing.py","logger":"airflow.models.dagbag.DagBag"}
{"timestamp":"2025-08-14T19:16:30.923931","level":"info","event":"Filling up the DagBag from /opt/airflow/dags/user_processing.py","logger":"airflow.models.dagbag.DagBag"}
{"timestamp":"2025-08-14T19:17:01.270087","level":"info","event":"Filling up the DagBag from /opt/airflow/dags/user_processing.py","logger":"airflow.models.dagbag.DagBag"}
{"timestamp":"2025-08-14T19:17:31.637685","level":"info","event":"Filling up the DagBag from /opt/airflow/dags/user_processing.py","logger":"airflow.models.dagbag.DagBag"}
{"timestamp":"2025-08-14T19:18:01.986943","level":"info","event":"Filling up the DagBag from /opt/airflow/dags/user_processing.py","logger":"airflow.models.dagbag.DagBag"}
{"timestamp":"2025-08-14T19:18:32.334622","level":"info","event":"Filling up the DagBag from /opt/airflow/dags/user_processing.py","logger":"airflow.models.dagbag.DagBag"}
{"timestamp":"2025-08-14T19:19:02.691309","level":"info","event":"Filling up the DagBag from /opt/airflow/dags/user_processing.py","logger":"airflow.models.dagbag.DagBag"}
{"timestamp":"2025-08-14T19:19:33.032926","level":"info","event":"Filling up the DagBag from /opt/airflow/dags/user_processing.py","logger":"airflow.models.dagbag.DagBag"}
{"timestamp":"2025-08-14T19:20:03.402186","level":"info","event":"Filling up the DagBag from /opt/airflow/dags/user_processing.py","logger":"airflow.models.dagbag.DagBag"}
{"timestamp":"2025-08-14T19:20:33.755907","level":"info","event":"Filling up the DagBag from /opt/airflow/dags/user_processing.py","logger":"airflow.models.dagbag.DagBag"}
{"timestamp":"2025-08-14T19:21:04.272462","level":"info","event":"Filling up the DagBag from /opt/airflow/dags/user_processing.py","logger":"airflow.models.dagbag.DagBag"}
{"timestamp":"2025-08-14T19:21:34.622887","level":"info","event":"Filling up the DagBag from /opt/airflow/dags/user_processing.py","logger":"airflow.models.dagbag.DagBag"}
{"timestamp":"2025-08-14T19:22:04.960767","level":"info","event":"Filling up the DagBag from /opt/airflow/dags/user_processing.py","logger":"airflow.models.dagbag.DagBag"}
{"timestamp":"2025-08-14T19:22:35.316346","level":"info","event":"Filling up the DagBag from /opt/airflow/dags/user_processing.py","logger":"airflow.models.dagbag.DagBag"}
{"timestamp":"2025-08-14T19:23:05.676473","level":"info","event":"Filling up the DagBag from /opt/airflow/dags/user_processing.py","logger":"airflow.models.dagbag.DagBag"}
{"timestamp":"2025-08-14T19:23:36.024952","level":"info","event":"Filling up the DagBag from /opt/airflow/dags/user_processing.py","logger":"airflow.models.dagbag.DagBag"}
{"timestamp":"2025-08-14T19:24:06.367436","level":"info","event":"Filling up the DagBag from /opt/airflow/dags/user_processing.py","logger":"airflow.models.dagbag.DagBag"}
{"timestamp":"2025-08-14T19:24:36.700905","level":"info","event":"Filling up the DagBag from /opt/airflow/dags/user_processing.py","logger":"airflow.models.dagbag.DagBag"}
{"timestamp":"2025-08-14T19:25:07.046763","level":"info","event":"Filling up the DagBag from /opt/airflow/dags/user_processing.py","logger":"airflow.models.dagbag.DagBag"}
{"timestamp":"2025-08-14T19:25:37.397221","level":"info","event":"Filling up the DagBag from /opt/airflow/dags/user_processing.py","logger":"airflow.models.dagbag.DagBag"}
{"timestamp":"2025-08-14T19:26:07.753465","level":"info","event":"Filling up the DagBag from /opt/airflow/dags/user_processing.py","logger":"airflow.models.dagbag.DagBag"}
{"timestamp":"2025-08-14T19:26:38.094885","level":"info","event":"Filling up the DagBag from /opt/airflow/dags/user_processing.py","logger":"airflow.models.dagbag.DagBag"}
{"timestamp":"2025-08-14T19:27:08.432343","level":"info","event":"Filling up the DagBag from /opt/airflow/dags/user_processing.py","logger":"airflow.models.dagbag.DagBag"}
{"timestamp":"2025-08-14T19:27:38.805318","level":"info","event":"Filling up the DagBag from /opt/airflow/dags/user_processing.py","logger":"airflow.models.dagbag.DagBag"}
{"timestamp":"2025-08-14T19:28:09.160283","level":"info","event":"Filling up the DagBag from /opt/airflow/dags/user_processing.py","logger":"airflow.models.dagbag.DagBag"}
{"timestamp":"2025-08-14T19:28:39.516712","level":"info","event":"Filling up the DagBag from /opt/airflow/dags/user_processing.py","logger":"airflow.models.dagbag.DagBag"}
{"timestamp":"2025-08-14T19:29:09.863683","level":"info","event":"Filling up the DagBag from /opt/airflow/dags/user_processing.py","logger":"airflow.models.dagbag.DagBag"}
{"timestamp":"2025-08-14T19:29:40.252066","level":"info","event":"Filling up the DagBag from /opt/airflow/dags/user_processing.py","logger":"airflow.models.dagbag.DagBag"}
{"timestamp":"2025-08-14T19:30:10.671512","level":"info","event":"Filling up the DagBag from /opt/airflow/dags/user_processing.py","logger":"airflow.models.dagbag.DagBag"}
{"timestamp":"2025-08-14T19:30:41.028713","level":"info","event":"Filling up the DagBag from /opt/airflow/dags/user_processing.py","logger":"airflow.models.dagbag.DagBag"}
{"timestamp":"2025-08-14T19:31:11.434078","level":"info","event":"Filling up the DagBag from /opt/airflow/dags/user_processing.py","logger":"airflow.models.dagbag.DagBag"}
{"timestamp":"2025-08-14T19:31:41.763132","level":"info","event":"Filling up the DagBag from /opt/airflow/dags/user_processing.py","logger":"airflow.models.dagbag.DagBag"}
{"timestamp":"2025-08-14T19:32:12.095682","level":"info","event":"Filling up the DagBag from /opt/airflow/dags/user_processing.py","logger":"airflow.models.dagbag.DagBag"}
{"timestamp":"2025-08-14T19:32:42.416413","level":"info","event":"Filling up the DagBag from /opt/airflow/dags/user_processing.py","logger":"airflow.models.dagbag.DagBag"}
{"timestamp":"2025-08-14T19:33:12.731740","level":"info","event":"Filling up the DagBag from /opt/airflow/dags/user_processing.py","logger":"airflow.models.dagbag.DagBag"}
{"timestamp":"2025-08-14T19:33:43.068929","level":"info","event":"Filling up the DagBag from /opt/airflow/dags/user_processing.py","logger":"airflow.models.dagbag.DagBag"}
{"timestamp":"2025-08-14T19:34:13.399732","level":"info","event":"Filling up the DagBag from /opt/airflow/dags/user_processing.py","logger":"airflow.models.dagbag.DagBag"}
{"timestamp":"2025-08-14T19:34:43.739372","level":"info","event":"Filling up the DagBag from /opt/airflow/dags/user_processing.py","logger":"airflow.models.dagbag.DagBag"}
{"timestamp":"2025-08-14T19:35:14.069158","level":"info","event":"Filling up the DagBag from /opt/airflow/dags/user_processing.py","logger":"airflow.models.dagbag.DagBag"}
{"timestamp":"2025-08-14T19:35:44.388786","level":"info","event":"Filling up the DagBag from /opt/airflow/dags/user_processing.py","logger":"airflow.models.dagbag.DagBag"}
{"timestamp":"2025-08-14T19:36:14.740276","level":"info","event":"Filling up the DagBag from /opt/airflow/dags/user_processing.py","logger":"airflow.models.dagbag.DagBag"}
{"timestamp":"2025-08-14T19:36:45.053070","level":"info","event":"Filling up the DagBag from /opt/airflow/dags/user_processing.py","logger":"airflow.models.dagbag.DagBag"}
{"timestamp":"2025-08-14T19:37:15.391193","level":"info","event":"Filling up the DagBag from /opt/airflow/dags/user_processing.py","logger":"airflow.models.dagbag.DagBag"}
{"timestamp":"2025-08-14T19:37:45.720898","level":"info","event":"Filling up the DagBag from /opt/airflow/dags/user_processing.py","logger":"airflow.models.dagbag.DagBag"}
{"timestamp":"2025-08-14T19:38:16.041113","level":"info","event":"Filling up the DagBag from /opt/airflow/dags/user_processing.py","logger":"airflow.models.dagbag.DagBag"}
{"timestamp":"2025-08-14T19:38:46.359802","level":"info","event":"Filling up the DagBag from /opt/airflow/dags/user_processing.py","logger":"airflow.models.dagbag.DagBag"}
{"timestamp":"2025-08-14T19:39:16.682273","level":"info","event":"Filling up the DagBag from /opt/airflow/dags/user_processing.py","logger":"airflow.models.dagbag.DagBag"}
{"timestamp":"2025-08-14T19:39:47.022466","level":"info","event":"Filling up the DagBag from /opt/airflow/dags/user_processing.py","logger":"airflow.models.dagbag.DagBag"}
{"timestamp":"2025-08-14T19:40:17.371160","level":"info","event":"Filling up the DagBag from /opt/airflow/dags/user_processing.py","logger":"airflow.models.dagbag.DagBag"}
{"timestamp":"2025-08-14T19:40:47.705582","level":"info","event":"Filling up the DagBag from /opt/airflow/dags/user_processing.py","logger":"airflow.models.dagbag.DagBag"}
{"timestamp":"2025-08-14T19:41:18.054141","level":"info","event":"Filling up the DagBag from /opt/airflow/dags/user_processing.py","logger":"airflow.models.dagbag.DagBag"}
{"timestamp":"2025-08-14T19:41:48.371616","level":"info","event":"Filling up the DagBag from /opt/airflow/dags/user_processing.py","logger":"airflow.models.dagbag.DagBag"}
{"timestamp":"2025-08-14T19:42:18.688720","level":"info","event":"Filling up the DagBag from /opt/airflow/dags/user_processing.py","logger":"airflow.models.dagbag.DagBag"}
{"timestamp":"2025-08-14T19:42:49.029239","level":"info","event":"Filling up the DagBag from /opt/airflow/dags/user_processing.py","logger":"airflow.models.dagbag.DagBag"}
{"timestamp":"2025-08-14T19:43:19.381901","level":"info","event":"Filling up the DagBag from /opt/airflow/dags/user_processing.py","logger":"airflow.models.dagbag.DagBag"}
{"timestamp":"2025-08-14T19:43:49.720632","level":"info","event":"Filling up the DagBag from /opt/airflow/dags/user_processing.py","logger":"airflow.models.dagbag.DagBag"}
{"timestamp":"2025-08-14T19:44:20.052825","level":"info","event":"Filling up the DagBag from /opt/airflow/dags/user_processing.py","logger":"airflow.models.dagbag.DagBag"}
{"timestamp":"2025-08-14T19:44:32.263404","level":"info","event":"Filling up the DagBag from /opt/airflow/dags/user_processing.py","logger":"airflow.models.dagbag.DagBag"}
{"timestamp":"2025-08-14T19:45:02.685444","level":"info","event":"Filling up the DagBag from /opt/airflow/dags/user_processing.py","logger":"airflow.models.dagbag.DagBag"}
{"timestamp":"2025-08-14T19:45:33.047396","level":"info","event":"Filling up the DagBag from /opt/airflow/dags/user_processing.py","logger":"airflow.models.dagbag.DagBag"}
{"timestamp":"2025-08-14T19:46:03.417636","level":"info","event":"Filling up the DagBag from /opt/airflow/dags/user_processing.py","logger":"airflow.models.dagbag.DagBag"}
{"timestamp":"2025-08-14T19:46:18.643017","level":"info","event":"Filling up the DagBag from /opt/airflow/dags/user_processing.py","logger":"airflow.models.dagbag.DagBag"}
{"timestamp":"2025-08-14T19:46:48.972879","level":"info","event":"Filling up the DagBag from /opt/airflow/dags/user_processing.py","logger":"airflow.models.dagbag.DagBag"}
{"timestamp":"2025-08-14T19:47:19.304647","level":"info","event":"Filling up the DagBag from /opt/airflow/dags/user_processing.py","logger":"airflow.models.dagbag.DagBag"}
{"timestamp":"2025-08-14T19:47:49.630656","level":"info","event":"Filling up the DagBag from /opt/airflow/dags/user_processing.py","logger":"airflow.models.dagbag.DagBag"}
{"timestamp":"2025-08-14T19:48:19.961118","level":"info","event":"Filling up the DagBag from /opt/airflow/dags/user_processing.py","logger":"airflow.models.dagbag.DagBag"}
{"timestamp":"2025-08-14T19:48:50.325236","level":"info","event":"Filling up the DagBag from /opt/airflow/dags/user_processing.py","logger":"airflow.models.dagbag.DagBag"}
{"timestamp":"2025-08-14T19:49:20.696372","level":"info","event":"Filling up the DagBag from /opt/airflow/dags/user_processing.py","logger":"airflow.models.dagbag.DagBag"}
{"timestamp":"2025-08-14T19:49:51.056297","level":"info","event":"Filling up the DagBag from /opt/airflow/dags/user_processing.py","logger":"airflow.models.dagbag.DagBag"}
{"timestamp":"2025-08-14T19:50:05.296906","level":"info","event":"Filling up the DagBag from /opt/airflow/dags/user_processing.py","logger":"airflow.models.dagbag.DagBag"}
{"timestamp":"2025-08-14T19:50:35.777155","level":"info","event":"Filling up the DagBag from /opt/airflow/dags/user_processing.py","logger":"airflow.models.dagbag.DagBag"}
{"timestamp":"2025-08-14T19:51:06.134350","level":"info","event":"Filling up the DagBag from /opt/airflow/dags/user_processing.py","logger":"airflow.models.dagbag.DagBag"}
{"timestamp":"2025-08-14T19:51:35.489647","level":"info","event":"Filling up the DagBag from /opt/airflow/dags/user_processing.py","logger":"airflow.models.dagbag.DagBag"}
{"timestamp":"2025-08-14T19:52:01.844161","level":"info","event":"Filling up the DagBag from /opt/airflow/dags/user_processing.py","logger":"airflow.models.dagbag.DagBag"}
{"timestamp":"2025-08-14T19:52:32.410027","level":"info","event":"Filling up the DagBag from /opt/airflow/dags/user_processing.py","logger":"airflow.models.dagbag.DagBag"}
{"timestamp":"2025-08-14T19:53:02.940096","level":"info","event":"Filling up the DagBag from /opt/airflow/dags/user_processing.py","logger":"airflow.models.dagbag.DagBag"}
{"timestamp":"2025-08-14T19:53:33.275896","level":"info","event":"Filling up the DagBag from /opt/airflow/dags/user_processing.py","logger":"airflow.models.dagbag.DagBag"}
{"timestamp":"2025-08-14T19:54:03.619010","level":"info","event":"Filling up the DagBag from /opt/airflow/dags/user_processing.py","logger":"airflow.models.dagbag.DagBag"}
{"timestamp":"2025-08-14T19:54:33.971665","level":"info","event":"Filling up the DagBag from /opt/airflow/dags/user_processing.py","logger":"airflow.models.dagbag.DagBag"}
{"timestamp":"2025-08-14T19:55:04.313461","level":"info","event":"Filling up the DagBag from /opt/airflow/dags/user_processing.py","logger":"airflow.models.dagbag.DagBag"}
{"timestamp":"2025-08-14T19:55:34.667953","level":"info","event":"Filling up the DagBag from /opt/airflow/dags/user_processing.py","logger":"airflow.models.dagbag.DagBag"}
{"timestamp":"2025-08-14T19:56:05.018862","level":"info","event":"Filling up the DagBag from /opt/airflow/dags/user_processing.py","logger":"airflow.models.dagbag.DagBag"}
{"timestamp":"2025-08-14T19:56:35.373857","level":"info","event":"Filling up the DagBag from /opt/airflow/dags/user_processing.py","logger":"airflow.models.dagbag.DagBag"}
{"timestamp":"2025-08-14T19:57:05.715818","level":"info","event":"Filling up the DagBag from /opt/airflow/dags/user_processing.py","logger":"airflow.models.dagbag.DagBag"}
{"timestamp":"2025-08-14T19:57:36.064819","level":"info","event":"Filling up the DagBag from /opt/airflow/dags/user_processing.py","logger":"airflow.models.dagbag.DagBag"}
{"timestamp":"2025-08-14T19:58:06.392361","level":"info","event":"Filling up the DagBag from /opt/airflow/dags/user_processing.py","logger":"airflow.models.dagbag.DagBag"}
{"timestamp":"2025-08-14T19:58:36.725836","level":"info","event":"Filling up the DagBag from /opt/airflow/dags/user_processing.py","logger":"airflow.models.dagbag.DagBag"}
{"timestamp":"2025-08-14T19:59:07.058723","level":"info","event":"Filling up the DagBag from /opt/airflow/dags/user_processing.py","logger":"airflow.models.dagbag.DagBag"}
{"timestamp":"2025-08-14T19:59:37.400854","level":"info","event":"Filling up the DagBag from /opt/airflow/dags/user_processing.py","logger":"airflow.models.dagbag.DagBag"}
{"timestamp":"2025-08-14T20:00:07.758906","level":"info","event":"Filling up the DagBag from /opt/airflow/dags/user_processing.py","logger":"airflow.models.dagbag.DagBag"}
{"timestamp":"2025-08-14T20:00:38.107741","level":"info","event":"Filling up the DagBag from /opt/airflow/dags/user_processing.py","logger":"airflow.models.dagbag.DagBag"}
{"timestamp":"2025-08-14T20:01:08.465170","level":"info","event":"Filling up the DagBag from /opt/airflow/dags/user_processing.py","logger":"airflow.models.dagbag.DagBag"}
{"timestamp":"2025-08-14T20:01:30.783946","level":"info","event":"Filling up the DagBag from /opt/airflow/dags/user_processing.py","logger":"airflow.models.dagbag.DagBag"}
{"timestamp":"2025-08-14T20:02:01.144277","level":"info","event":"Filling up the DagBag from /opt/airflow/dags/user_processing.py","logger":"airflow.models.dagbag.DagBag"}
{"timestamp":"2025-08-14T20:02:31.494203","level":"info","event":"Filling up the DagBag from /opt/airflow/dags/user_processing.py","logger":"airflow.models.dagbag.DagBag"}
{"timestamp":"2025-08-14T20:03:01.853353","level":"info","event":"Filling up the DagBag from /opt/airflow/dags/user_processing.py","logger":"airflow.models.dagbag.DagBag"}
{"timestamp":"2025-08-14T20:03:16.080096","level":"info","event":"Filling up the DagBag from /opt/airflow/dags/user_processing.py","logger":"airflow.models.dagbag.DagBag"}
{"timestamp":"2025-08-14T20:03:41.402031","level":"info","event":"Filling up the DagBag from /opt/airflow/dags/user_processing.py","logger":"airflow.models.dagbag.DagBag"}
{"timestamp":"2025-08-14T20:03:50.636783","level":"info","event":"Filling up the DagBag from /opt/airflow/dags/user_processing.py","logger":"airflow.models.dagbag.DagBag"}
{"timestamp":"2025-08-14T20:04:21.027391","level":"info","event":"Filling up the DagBag from /opt/airflow/dags/user_processing.py","logger":"airflow.models.dagbag.DagBag"}
{"timestamp":"2025-08-14T20:04:45.332969","level":"info","event":"Filling up the DagBag from /opt/airflow/dags/user_processing.py","logger":"airflow.models.dagbag.DagBag"}
{"timestamp":"2025-08-14T20:05:07.684577","level":"info","event":"Filling up the DagBag from /opt/airflow/dags/user_processing.py","logger":"airflow.models.dagbag.DagBag"}
{"timestamp":"2025-08-14T20:05:38.040903","level":"info","event":"Filling up the DagBag from /opt/airflow/dags/user_processing.py","logger":"airflow.models.dagbag.DagBag"}
{"timestamp":"2025-08-14T20:06:08.384195","level":"info","event":"Filling up the DagBag from /opt/airflow/dags/user_processing.py","logger":"airflow.models.dagbag.DagBag"}
{"timestamp":"2025-08-14T20:06:38.730077","level":"info","event":"Filling up the DagBag from /opt/airflow/dags/user_processing.py","logger":"airflow.models.dagbag.DagBag"}
{"timestamp":"2025-08-14T20:06:44.925525","level":"info","event":"Filling up the DagBag from /opt/airflow/dags/user_processing.py","logger":"airflow.models.dagbag.DagBag"}
{"timestamp":"2025-08-14T20:07:15.303957","level":"info","event":"Filling up the DagBag from /opt/airflow/dags/user_processing.py","logger":"airflow.models.dagbag.DagBag"}
{"timestamp":"2025-08-14T20:07:45.644908","level":"info","event":"Filling up the DagBag from /opt/airflow/dags/user_processing.py","logger":"airflow.models.dagbag.DagBag"}
{"timestamp":"2025-08-14T20:08:15.981464","level":"info","event":"Filling up the DagBag from /opt/airflow/dags/user_processing.py","logger":"airflow.models.dagbag.DagBag"}
{"timestamp":"2025-08-14T20:08:46.310239","level":"info","event":"Filling up the DagBag from /opt/airflow/dags/user_processing.py","logger":"airflow.models.dagbag.DagBag"}
{"timestamp":"2025-08-14T20:09:16.648778","level":"info","event":"Filling up the DagBag from /opt/airflow/dags/user_processing.py","logger":"airflow.models.dagbag.DagBag"}
{"timestamp":"2025-08-14T20:09:46.977743","level":"info","event":"Filling up the DagBag from /opt/airflow/dags/user_processing.py","logger":"airflow.models.dagbag.DagBag"}
{"timestamp":"2025-08-14T20:10:17.316123","level":"info","event":"Filling up the DagBag from /opt/airflow/dags/user_processing.py","logger":"airflow.models.dagbag.DagBag"}
{"timestamp":"2025-08-14T20:10:47.639343","level":"info","event":"Filling up the DagBag from /opt/airflow/dags/user_processing.py","logger":"airflow.models.dagbag.DagBag"}
{"timestamp":"2025-08-14T20:11:17.969566","level":"info","event":"Filling up the DagBag from /opt/airflow/dags/user_processing.py","logger":"airflow.models.dagbag.DagBag"}
{"timestamp":"2025-08-14T20:11:48.301599","level":"info","event":"Filling up the DagBag from /opt/airflow/dags/user_processing.py","logger":"airflow.models.dagbag.DagBag"}
{"timestamp":"2025-08-14T20:12:06.581592","level":"info","event":"Filling up the DagBag from /opt/airflow/dags/user_processing.py","logger":"airflow.models.dagbag.DagBag"}
{"timestamp":"2025-08-14T20:12:36.963249","level":"info","event":"Filling up the DagBag from /opt/airflow/dags/user_processing.py","logger":"airflow.models.dagbag.DagBag"}
{"timestamp":"2025-08-14T20:13:07.299779","level":"info","event":"Filling up the DagBag from /opt/airflow/dags/user_processing.py","logger":"airflow.models.dagbag.DagBag"}
{"timestamp":"2025-08-14T20:13:37.633266","level":"info","event":"Filling up the DagBag from /opt/airflow/dags/user_processing.py","logger":"airflow.models.dagbag.DagBag"}
{"timestamp":"2025-08-14T20:14:07.978359","level":"info","event":"Filling up the DagBag from /opt/airflow/dags/user_processing.py","logger":"airflow.models.dagbag.DagBag"}
{"timestamp":"2025-08-14T20:14:38.320775","level":"info","event":"Filling up the DagBag from /opt/airflow/dags/user_processing.py","logger":"airflow.models.dagbag.DagBag"}
{"timestamp":"2025-08-14T20:15:08.663707","level":"info","event":"Filling up the DagBag from /opt/airflow/dags/user_processing.py","logger":"airflow.models.dagbag.DagBag"}
{"timestamp":"2025-08-14T20:15:39.000967","level":"info","event":"Filling up the DagBag from /opt/airflow/dags/user_processing.py","logger":"airflow.models.dagbag.DagBag"}
{"timestamp":"2025-08-14T20:16:09.333584","level":"info","event":"Filling up the DagBag from /opt/airflow/dags/user_processing.py","logger":"airflow.models.dagbag.DagBag"}
{"timestamp":"2025-08-14T20:16:39.664685","level":"info","event":"Filling up the DagBag from /opt/airflow/dags/user_processing.py","logger":"airflow.models.dagbag.DagBag"}
{"timestamp":"2025-08-14T20:17:10.006791","level":"info","event":"Filling up the DagBag from /opt/airflow/dags/user_processing.py","logger":"airflow.models.dagbag.DagBag"}
{"timestamp":"2025-08-14T20:17:40.356580","level":"info","event":"Filling up the DagBag from /opt/airflow/dags/user_processing.py","logger":"airflow.models.dagbag.DagBag"}
{"timestamp":"2025-08-14T20:18:10.710557","level":"info","event":"Filling up the DagBag from /opt/airflow/dags/user_processing.py","logger":"airflow.models.dagbag.DagBag"}
{"timestamp":"2025-08-14T20:18:41.063176","level":"info","event":"Filling up the DagBag from /opt/airflow/dags/user_processing.py","logger":"airflow.models.dagbag.DagBag"}
{"timestamp":"2025-08-14T20:19:11.396234","level":"info","event":"Filling up the DagBag from /opt/airflow/dags/user_processing.py","logger":"airflow.models.dagbag.DagBag"}
{"timestamp":"2025-08-14T20:19:41.740524","level":"info","event":"Filling up the DagBag from /opt/airflow/dags/user_processing.py","logger":"airflow.models.dagbag.DagBag"}
{"timestamp":"2025-08-14T20:20:12.063019","level":"info","event":"Filling up the DagBag from /opt/airflow/dags/user_processing.py","logger":"airflow.models.dagbag.DagBag"}
{"timestamp":"2025-08-14T20:20:42.402238","level":"info","event":"Filling up the DagBag from /opt/airflow/dags/user_processing.py","logger":"airflow.models.dagbag.DagBag"}
{"timestamp":"2025-08-14T20:21:12.726225","level":"info","event":"Filling up the DagBag from /opt/airflow/dags/user_processing.py","logger":"airflow.models.dagbag.DagBag"}
{"timestamp":"2025-08-14T20:21:43.053935","level":"info","event":"Filling up the DagBag from /opt/airflow/dags/user_processing.py","logger":"airflow.models.dagbag.DagBag"}
{"timestamp":"2025-08-14T20:22:13.380200","level":"info","event":"Filling up the DagBag from /opt/airflow/dags/user_processing.py","logger":"airflow.models.dagbag.DagBag"}
{"timestamp":"2025-08-14T20:22:43.713906","level":"info","event":"Filling up the DagBag from /opt/airflow/dags/user_processing.py","logger":"airflow.models.dagbag.DagBag"}
{"timestamp":"2025-08-14T20:23:14.048987","level":"info","event":"Filling up the DagBag from /opt/airflow/dags/user_processing.py","logger":"airflow.models.dagbag.DagBag"}
{"timestamp":"2025-08-14T20:23:44.389166","level":"info","event":"Filling up the DagBag from /opt/airflow/dags/user_processing.py","logger":"airflow.models.dagbag.DagBag"}
{"timestamp":"2025-08-14T20:24:14.716413","level":"info","event":"Filling up the DagBag from /opt/airflow/dags/user_processing.py","logger":"airflow.models.dagbag.DagBag"}
{"timestamp":"2025-08-14T20:24:45.049516","level":"info","event":"Filling up the DagBag from /opt/airflow/dags/user_processing.py","logger":"airflow.models.dagbag.DagBag"}
{"timestamp":"2025-08-14T20:25:15.377290","level":"info","event":"Filling up the DagBag from /opt/airflow/dags/user_processing.py","logger":"airflow.models.dagbag.DagBag"}
{"timestamp":"2025-08-14T20:25:45.713549","level":"info","event":"Filling up the DagBag from /opt/airflow/dags/user_processing.py","logger":"airflow.models.dagbag.DagBag"}
{"timestamp":"2025-08-14T20:26:16.041787","level":"info","event":"Filling up the DagBag from /opt/airflow/dags/user_processing.py","logger":"airflow.models.dagbag.DagBag"}
{"timestamp":"2025-08-14T20:26:46.392978","level":"info","event":"Filling up the DagBag from /opt/airflow/dags/user_processing.py","logger":"airflow.models.dagbag.DagBag"}
{"timestamp":"2025-08-14T20:27:16.764318","level":"info","event":"Filling up the DagBag from /opt/airflow/dags/user_processing.py","logger":"airflow.models.dagbag.DagBag"}
{"timestamp":"2025-08-14T20:27:47.121997","level":"info","event":"Filling up the DagBag from /opt/airflow/dags/user_processing.py","logger":"airflow.models.dagbag.DagBag"}
{"timestamp":"2025-08-14T20:28:01.365748","level":"info","event":"Filling up the DagBag from /opt/airflow/dags/user_processing.py","logger":"airflow.models.dagbag.DagBag"}
{"timestamp":"2025-08-14T20:28:31.753069","level":"info","event":"Filling up the DagBag from /opt/airflow/dags/user_processing.py","logger":"airflow.models.dagbag.DagBag"}
{"timestamp":"2025-08-14T20:28:31.802328","level":"error","event":"Failed to import: /opt/airflow/dags/user_processing.py","logger":"airflow.models.dagbag.DagBag","error_detail":[{"exc_type":"TypeError","exc_value":"missing keyword argument 'python_callable'","exc_notes":[],"syntax_error":null,"is_cause":false,"frames":[{"filename":"/home/airflow/.local/lib/python3.12/site-packages/airflow/models/dagbag.py","lineno":384,"name":"parse"},{"filename":"<frozen importlib._bootstrap_external>","lineno":999,"name":"exec_module"},{"filename":"<frozen importlib._bootstrap>","lineno":488,"name":"_call_with_frames_removed"},{"filename":"/opt/airflow/dags/user_processing.py","lineno":41,"name":"<module>"},{"filename":"/home/airflow/.local/lib/python3.12/site-packages/airflow/sdk/definitions/dag.py","lineno":1138,"name":"factory"},{"filename":"/opt/airflow/dags/user_processing.py","lineno":35,"name":"user_processing"},{"filename":"/home/airflow/.local/lib/python3.12/site-packages/airflow/sdk/bases/operator.py","lineno":496,"name":"apply_defaults"}]}]}
{"timestamp":"2025-08-14T20:28:51.083111","level":"info","event":"Filling up the DagBag from /opt/airflow/dags/user_processing.py","logger":"airflow.models.dagbag.DagBag"}
{"timestamp":"2025-08-14T20:28:51.130579","level":"error","event":"Failed to import: /opt/airflow/dags/user_processing.py","logger":"airflow.models.dagbag.DagBag","error_detail":[{"exc_type":"TypeError","exc_value":"missing keyword argument 'python_callable'","exc_notes":[],"syntax_error":null,"is_cause":false,"frames":[{"filename":"/home/airflow/.local/lib/python3.12/site-packages/airflow/models/dagbag.py","lineno":384,"name":"parse"},{"filename":"<frozen importlib._bootstrap_external>","lineno":999,"name":"exec_module"},{"filename":"<frozen importlib._bootstrap>","lineno":488,"name":"_call_with_frames_removed"},{"filename":"/opt/airflow/dags/user_processing.py","lineno":41,"name":"<module>"},{"filename":"/home/airflow/.local/lib/python3.12/site-packages/airflow/sdk/definitions/dag.py","lineno":1138,"name":"factory"},{"filename":"/opt/airflow/dags/user_processing.py","lineno":35,"name":"user_processing"},{"filename":"/home/airflow/.local/lib/python3.12/site-packages/airflow/sdk/bases/operator.py","lineno":496,"name":"apply_defaults"}]}]}
{"timestamp":"2025-08-14T20:29:21.438272","level":"info","event":"Filling up the DagBag from /opt/airflow/dags/user_processing.py","logger":"airflow.models.dagbag.DagBag"}
{"timestamp":"2025-08-14T20:29:21.469255","level":"error","event":"Failed to import: /opt/airflow/dags/user_processing.py","logger":"airflow.models.dagbag.DagBag","error_detail":[{"exc_type":"TypeError","exc_value":"missing keyword argument 'python_callable'","exc_notes":[],"syntax_error":null,"is_cause":false,"frames":[{"filename":"/home/airflow/.local/lib/python3.12/site-packages/airflow/models/dagbag.py","lineno":384,"name":"parse"},{"filename":"<frozen importlib._bootstrap_external>","lineno":999,"name":"exec_module"},{"filename":"<frozen importlib._bootstrap>","lineno":488,"name":"_call_with_frames_removed"},{"filename":"/opt/airflow/dags/user_processing.py","lineno":41,"name":"<module>"},{"filename":"/home/airflow/.local/lib/python3.12/site-packages/airflow/sdk/definitions/dag.py","lineno":1138,"name":"factory"},{"filename":"/opt/airflow/dags/user_processing.py","lineno":35,"name":"user_processing"},{"filename":"/home/airflow/.local/lib/python3.12/site-packages/airflow/sdk/bases/operator.py","lineno":496,"name":"apply_defaults"}]}]}
{"timestamp":"2025-08-14T20:29:51.792673","level":"info","event":"Filling up the DagBag from /opt/airflow/dags/user_processing.py","logger":"airflow.models.dagbag.DagBag"}
{"timestamp":"2025-08-14T20:29:51.809835","level":"error","event":"Failed to import: /opt/airflow/dags/user_processing.py","logger":"airflow.models.dagbag.DagBag","error_detail":[{"exc_type":"SyntaxError","exc_value":"expected argument value expression (user_processing.py, line 37)","exc_notes":[],"syntax_error":{"offset":9,"filename":"/opt/airflow/dags/user_processing.py","line":"        python_callable=\n","lineno":37,"msg":"expected argument value expression"},"is_cause":false,"frames":[{"filename":"/home/airflow/.local/lib/python3.12/site-packages/airflow/models/dagbag.py","lineno":384,"name":"parse"},{"filename":"<frozen importlib._bootstrap_external>","lineno":995,"name":"exec_module"},{"filename":"<frozen importlib._bootstrap_external>","lineno":1133,"name":"get_code"},{"filename":"<frozen importlib._bootstrap_external>","lineno":1063,"name":"source_to_code"},{"filename":"<frozen importlib._bootstrap>","lineno":488,"name":"_call_with_frames_removed"}]}]}
{"timestamp":"2025-08-14T20:30:05.003393","level":"info","event":"Filling up the DagBag from /opt/airflow/dags/user_processing.py","logger":"airflow.models.dagbag.DagBag"}
{"timestamp":"2025-08-14T20:30:05.047494","level":"error","event":"Failed to import: /opt/airflow/dags/user_processing.py","logger":"airflow.models.dagbag.DagBag","error_detail":[{"exc_type":"NameError","exc_value":"name '_extract_user' is not defined","exc_notes":[],"syntax_error":null,"is_cause":false,"frames":[{"filename":"/home/airflow/.local/lib/python3.12/site-packages/airflow/models/dagbag.py","lineno":384,"name":"parse"},{"filename":"<frozen importlib._bootstrap_external>","lineno":999,"name":"exec_module"},{"filename":"<frozen importlib._bootstrap>","lineno":488,"name":"_call_with_frames_removed"},{"filename":"/opt/airflow/dags/user_processing.py","lineno":42,"name":"<module>"},{"filename":"/home/airflow/.local/lib/python3.12/site-packages/airflow/sdk/definitions/dag.py","lineno":1138,"name":"factory"},{"filename":"/opt/airflow/dags/user_processing.py","lineno":37,"name":"user_processing"}]}]}
{"timestamp":"2025-08-14T20:30:30.357858","level":"info","event":"Filling up the DagBag from /opt/airflow/dags/user_processing.py","logger":"airflow.models.dagbag.DagBag"}
{"timestamp":"2025-08-14T20:30:30.375364","level":"error","event":"Failed to import: /opt/airflow/dags/user_processing.py","logger":"airflow.models.dagbag.DagBag","error_detail":[{"exc_type":"IndentationError","exc_value":"expected an indented block after function definition on line 6 (user_processing.py, line 9)","exc_notes":[],"syntax_error":{"offset":1,"filename":"/opt/airflow/dags/user_processing.py","line":"@dag\n","lineno":9,"msg":"expected an indented block after function definition on line 6"},"is_cause":false,"frames":[{"filename":"/home/airflow/.local/lib/python3.12/site-packages/airflow/models/dagbag.py","lineno":384,"name":"parse"},{"filename":"<frozen importlib._bootstrap_external>","lineno":995,"name":"exec_module"},{"filename":"<frozen importlib._bootstrap_external>","lineno":1133,"name":"get_code"},{"filename":"<frozen importlib._bootstrap_external>","lineno":1063,"name":"source_to_code"},{"filename":"<frozen importlib._bootstrap>","lineno":488,"name":"_call_with_frames_removed"}]}]}
{"timestamp":"2025-08-14T20:30:53.664017","level":"info","event":"Filling up the DagBag from /opt/airflow/dags/user_processing.py","logger":"airflow.models.dagbag.DagBag"}
{"timestamp":"2025-08-14T20:30:53.680242","level":"error","event":"Failed to import: /opt/airflow/dags/user_processing.py","logger":"airflow.models.dagbag.DagBag","error_detail":[{"exc_type":"IndentationError","exc_value":"expected an indented block after function definition on line 6 (user_processing.py, line 9)","exc_notes":[],"syntax_error":{"offset":1,"filename":"/opt/airflow/dags/user_processing.py","line":"@dag\n","lineno":9,"msg":"expected an indented block after function definition on line 6"},"is_cause":false,"frames":[{"filename":"/home/airflow/.local/lib/python3.12/site-packages/airflow/models/dagbag.py","lineno":384,"name":"parse"},{"filename":"<frozen importlib._bootstrap_external>","lineno":995,"name":"exec_module"},{"filename":"<frozen importlib._bootstrap_external>","lineno":1133,"name":"get_code"},{"filename":"<frozen importlib._bootstrap_external>","lineno":1063,"name":"source_to_code"},{"filename":"<frozen importlib._bootstrap>","lineno":488,"name":"_call_with_frames_removed"}]}]}
{"timestamp":"2025-08-14T20:31:23.985698","level":"info","event":"Filling up the DagBag from /opt/airflow/dags/user_processing.py","logger":"airflow.models.dagbag.DagBag"}
{"timestamp":"2025-08-14T20:31:24.001147","level":"error","event":"Failed to import: /opt/airflow/dags/user_processing.py","logger":"airflow.models.dagbag.DagBag","error_detail":[{"exc_type":"IndentationError","exc_value":"expected an indented block after function definition on line 6 (user_processing.py, line 9)","exc_notes":[],"syntax_error":{"offset":1,"filename":"/opt/airflow/dags/user_processing.py","line":"@dag\n","lineno":9,"msg":"expected an indented block after function definition on line 6"},"is_cause":false,"frames":[{"filename":"/home/airflow/.local/lib/python3.12/site-packages/airflow/models/dagbag.py","lineno":384,"name":"parse"},{"filename":"<frozen importlib._bootstrap_external>","lineno":995,"name":"exec_module"},{"filename":"<frozen importlib._bootstrap_external>","lineno":1133,"name":"get_code"},{"filename":"<frozen importlib._bootstrap_external>","lineno":1063,"name":"source_to_code"},{"filename":"<frozen importlib._bootstrap>","lineno":488,"name":"_call_with_frames_removed"}]}]}
{"timestamp":"2025-08-14T20:31:54.329356","level":"info","event":"Filling up the DagBag from /opt/airflow/dags/user_processing.py","logger":"airflow.models.dagbag.DagBag"}
{"timestamp":"2025-08-14T20:31:54.343803","level":"error","event":"Failed to import: /opt/airflow/dags/user_processing.py","logger":"airflow.models.dagbag.DagBag","error_detail":[{"exc_type":"IndentationError","exc_value":"expected an indented block after function definition on line 6 (user_processing.py, line 9)","exc_notes":[],"syntax_error":{"offset":1,"filename":"/opt/airflow/dags/user_processing.py","line":"@dag\n","lineno":9,"msg":"expected an indented block after function definition on line 6"},"is_cause":false,"frames":[{"filename":"/home/airflow/.local/lib/python3.12/site-packages/airflow/models/dagbag.py","lineno":384,"name":"parse"},{"filename":"<frozen importlib._bootstrap_external>","lineno":995,"name":"exec_module"},{"filename":"<frozen importlib._bootstrap_external>","lineno":1133,"name":"get_code"},{"filename":"<frozen importlib._bootstrap_external>","lineno":1063,"name":"source_to_code"},{"filename":"<frozen importlib._bootstrap>","lineno":488,"name":"_call_with_frames_removed"}]}]}
{"timestamp":"2025-08-14T20:31:57.441279","level":"info","event":"Filling up the DagBag from /opt/airflow/dags/user_processing.py","logger":"airflow.models.dagbag.DagBag"}
{"timestamp":"2025-08-14T20:32:27.807757","level":"info","event":"Filling up the DagBag from /opt/airflow/dags/user_processing.py","logger":"airflow.models.dagbag.DagBag"}
{"timestamp":"2025-08-14T20:32:47.072350","level":"info","event":"Filling up the DagBag from /opt/airflow/dags/user_processing.py","logger":"airflow.models.dagbag.DagBag"}
{"timestamp":"2025-08-14T20:33:17.463676","level":"info","event":"Filling up the DagBag from /opt/airflow/dags/user_processing.py","logger":"airflow.models.dagbag.DagBag"}
{"timestamp":"2025-08-14T20:33:27.641953","level":"info","event":"Filling up the DagBag from /opt/airflow/dags/user_processing.py","logger":"airflow.models.dagbag.DagBag"}
{"timestamp":"2025-08-14T20:33:57.979776","level":"info","event":"Filling up the DagBag from /opt/airflow/dags/user_processing.py","logger":"airflow.models.dagbag.DagBag"}
{"timestamp":"2025-08-14T20:34:28.320799","level":"info","event":"Filling up the DagBag from /opt/airflow/dags/user_processing.py","logger":"airflow.models.dagbag.DagBag"}
{"timestamp":"2025-08-14T20:34:58.664895","level":"info","event":"Filling up the DagBag from /opt/airflow/dags/user_processing.py","logger":"airflow.models.dagbag.DagBag"}
{"timestamp":"2025-08-14T20:35:28.994687","level":"info","event":"Filling up the DagBag from /opt/airflow/dags/user_processing.py","logger":"airflow.models.dagbag.DagBag"}
{"timestamp":"2025-08-14T20:35:59.322723","level":"info","event":"Filling up the DagBag from /opt/airflow/dags/user_processing.py","logger":"airflow.models.dagbag.DagBag"}
{"timestamp":"2025-08-14T20:36:29.636637","level":"info","event":"Filling up the DagBag from /opt/airflow/dags/user_processing.py","logger":"airflow.models.dagbag.DagBag"}
{"timestamp":"2025-08-14T20:36:59.957353","level":"info","event":"Filling up the DagBag from /opt/airflow/dags/user_processing.py","logger":"airflow.models.dagbag.DagBag"}
{"timestamp":"2025-08-14T20:37:30.277254","level":"info","event":"Filling up the DagBag from /opt/airflow/dags/user_processing.py","logger":"airflow.models.dagbag.DagBag"}
{"timestamp":"2025-08-14T20:38:00.605645","level":"info","event":"Filling up the DagBag from /opt/airflow/dags/user_processing.py","logger":"airflow.models.dagbag.DagBag"}
{"timestamp":"2025-08-14T20:38:30.933933","level":"info","event":"Filling up the DagBag from /opt/airflow/dags/user_processing.py","logger":"airflow.models.dagbag.DagBag"}
{"timestamp":"2025-08-14T20:39:01.256861","level":"info","event":"Filling up the DagBag from /opt/airflow/dags/user_processing.py","logger":"airflow.models.dagbag.DagBag"}
{"timestamp":"2025-08-14T20:39:31.569808","level":"info","event":"Filling up the DagBag from /opt/airflow/dags/user_processing.py","logger":"airflow.models.dagbag.DagBag"}
{"timestamp":"2025-08-14T20:40:01.891650","level":"info","event":"Filling up the DagBag from /opt/airflow/dags/user_processing.py","logger":"airflow.models.dagbag.DagBag"}
{"timestamp":"2025-08-14T20:40:32.223894","level":"info","event":"Filling up the DagBag from /opt/airflow/dags/user_processing.py","logger":"airflow.models.dagbag.DagBag"}
{"timestamp":"2025-08-14T20:41:02.564053","level":"info","event":"Filling up the DagBag from /opt/airflow/dags/user_processing.py","logger":"airflow.models.dagbag.DagBag"}
{"timestamp":"2025-08-14T20:41:08.774582","level":"info","event":"Filling up the DagBag from /opt/airflow/dags/user_processing.py","logger":"airflow.models.dagbag.DagBag"}
{"timestamp":"2025-08-14T20:41:39.149808","level":"info","event":"Filling up the DagBag from /opt/airflow/dags/user_processing.py","logger":"airflow.models.dagbag.DagBag"}
{"timestamp":"2025-08-14T20:41:41.295719","level":"info","event":"Filling up the DagBag from /opt/airflow/dags/user_processing.py","logger":"airflow.models.dagbag.DagBag"}
{"timestamp":"2025-08-14T20:42:06.668890","level":"info","event":"Filling up the DagBag from /opt/airflow/dags/user_processing.py","logger":"airflow.models.dagbag.DagBag"}
{"timestamp":"2025-08-14T20:42:37.026635","level":"info","event":"Filling up the DagBag from /opt/airflow/dags/user_processing.py","logger":"airflow.models.dagbag.DagBag"}
{"timestamp":"2025-08-14T20:43:07.366383","level":"info","event":"Filling up the DagBag from /opt/airflow/dags/user_processing.py","logger":"airflow.models.dagbag.DagBag"}
{"timestamp":"2025-08-14T20:43:37.711164","level":"info","event":"Filling up the DagBag from /opt/airflow/dags/user_processing.py","logger":"airflow.models.dagbag.DagBag"}
{"timestamp":"2025-08-14T20:43:43.871731","level":"info","event":"Filling up the DagBag from /opt/airflow/dags/user_processing.py","logger":"airflow.models.dagbag.DagBag"}
{"timestamp":"2025-08-14T20:44:14.252827","level":"info","event":"Filling up the DagBag from /opt/airflow/dags/user_processing.py","logger":"airflow.models.dagbag.DagBag"}
{"timestamp":"2025-08-14T20:44:44.584593","level":"info","event":"Filling up the DagBag from /opt/airflow/dags/user_processing.py","logger":"airflow.models.dagbag.DagBag"}
{"timestamp":"2025-08-14T20:45:14.914164","level":"info","event":"Filling up the DagBag from /opt/airflow/dags/user_processing.py","logger":"airflow.models.dagbag.DagBag"}
{"timestamp":"2025-08-14T20:45:39.233648","level":"info","event":"Filling up the DagBag from /opt/airflow/dags/user_processing.py","logger":"airflow.models.dagbag.DagBag"}
{"timestamp":"2025-08-14T20:46:07.570911","level":"info","event":"Filling up the DagBag from /opt/airflow/dags/user_processing.py","logger":"airflow.models.dagbag.DagBag"}
{"timestamp":"2025-08-14T20:46:37.926383","level":"info","event":"Filling up the DagBag from /opt/airflow/dags/user_processing.py","logger":"airflow.models.dagbag.DagBag"}
{"timestamp":"2025-08-14T20:47:08.272525","level":"info","event":"Filling up the DagBag from /opt/airflow/dags/user_processing.py","logger":"airflow.models.dagbag.DagBag"}
{"timestamp":"2025-08-14T20:47:38.612621","level":"info","event":"Filling up the DagBag from /opt/airflow/dags/user_processing.py","logger":"airflow.models.dagbag.DagBag"}
{"timestamp":"2025-08-14T20:48:08.939756","level":"info","event":"Filling up the DagBag from /opt/airflow/dags/user_processing.py","logger":"airflow.models.dagbag.DagBag"}
{"timestamp":"2025-08-14T20:48:39.277014","level":"info","event":"Filling up the DagBag from /opt/airflow/dags/user_processing.py","logger":"airflow.models.dagbag.DagBag"}
{"timestamp":"2025-08-14T20:49:09.608879","level":"info","event":"Filling up the DagBag from /opt/airflow/dags/user_processing.py","logger":"airflow.models.dagbag.DagBag"}
{"timestamp":"2025-08-14T20:49:39.949144","level":"info","event":"Filling up the DagBag from /opt/airflow/dags/user_processing.py","logger":"airflow.models.dagbag.DagBag"}
{"timestamp":"2025-08-14T20:50:10.284962","level":"info","event":"Filling up the DagBag from /opt/airflow/dags/user_processing.py","logger":"airflow.models.dagbag.DagBag"}
{"timestamp":"2025-08-14T20:50:40.630959","level":"info","event":"Filling up the DagBag from /opt/airflow/dags/user_processing.py","logger":"airflow.models.dagbag.DagBag"}
{"timestamp":"2025-08-14T20:51:10.973569","level":"info","event":"Filling up the DagBag from /opt/airflow/dags/user_processing.py","logger":"airflow.models.dagbag.DagBag"}
{"timestamp":"2025-08-14T20:51:41.300041","level":"info","event":"Filling up the DagBag from /opt/airflow/dags/user_processing.py","logger":"airflow.models.dagbag.DagBag"}
{"timestamp":"2025-08-14T20:52:11.633262","level":"info","event":"Filling up the DagBag from /opt/airflow/dags/user_processing.py","logger":"airflow.models.dagbag.DagBag"}
{"timestamp":"2025-08-14T20:52:41.968958","level":"info","event":"Filling up the DagBag from /opt/airflow/dags/user_processing.py","logger":"airflow.models.dagbag.DagBag"}
{"timestamp":"2025-08-14T20:53:12.310818","level":"info","event":"Filling up the DagBag from /opt/airflow/dags/user_processing.py","logger":"airflow.models.dagbag.DagBag"}
{"timestamp":"2025-08-14T20:53:42.707186","level":"info","event":"Filling up the DagBag from /opt/airflow/dags/user_processing.py","logger":"airflow.models.dagbag.DagBag"}
{"timestamp":"2025-08-14T20:54:13.066175","level":"info","event":"Filling up the DagBag from /opt/airflow/dags/user_processing.py","logger":"airflow.models.dagbag.DagBag"}
{"timestamp":"2025-08-14T20:54:43.400390","level":"info","event":"Filling up the DagBag from /opt/airflow/dags/user_processing.py","logger":"airflow.models.dagbag.DagBag"}
{"timestamp":"2025-08-14T20:54:53.618619","level":"info","event":"Filling up the DagBag from /opt/airflow/dags/user_processing.py","logger":"airflow.models.dagbag.DagBag"}
{"timestamp":"2025-08-14T20:55:13.899145","level":"info","event":"Filling up the DagBag from /opt/airflow/dags/user_processing.py","logger":"airflow.models.dagbag.DagBag"}
{"timestamp":"2025-08-14T20:55:44.254414","level":"info","event":"Filling up the DagBag from /opt/airflow/dags/user_processing.py","logger":"airflow.models.dagbag.DagBag"}
{"timestamp":"2025-08-14T20:55:57.468992","level":"info","event":"Filling up the DagBag from /opt/airflow/dags/user_processing.py","logger":"airflow.models.dagbag.DagBag"}
{"timestamp":"2025-08-14T20:56:27.816765","level":"info","event":"Filling up the DagBag from /opt/airflow/dags/user_processing.py","logger":"airflow.models.dagbag.DagBag"}
{"timestamp":"2025-08-14T20:56:45.068364","level":"info","event":"Filling up the DagBag from /opt/airflow/dags/user_processing.py","logger":"airflow.models.dagbag.DagBag"}
{"timestamp":"2025-08-14T20:57:03.328126","level":"info","event":"Filling up the DagBag from /opt/airflow/dags/user_processing.py","logger":"airflow.models.dagbag.DagBag"}
{"timestamp":"2025-08-14T20:57:33.686978","level":"info","event":"Filling up the DagBag from /opt/airflow/dags/user_processing.py","logger":"airflow.models.dagbag.DagBag"}
{"timestamp":"2025-08-14T20:57:36.826109","level":"info","event":"Filling up the DagBag from /opt/airflow/dags/user_processing.py","logger":"airflow.models.dagbag.DagBag"}
{"timestamp":"2025-08-14T20:58:07.189651","level":"info","event":"Filling up the DagBag from /opt/airflow/dags/user_processing.py","logger":"airflow.models.dagbag.DagBag"}
{"timestamp":"2025-08-14T20:58:10.326688","level":"info","event":"Filling up the DagBag from /opt/airflow/dags/user_processing.py","logger":"airflow.models.dagbag.DagBag"}
{"timestamp":"2025-08-14T20:58:40.711521","level":"info","event":"Filling up the DagBag from /opt/airflow/dags/user_processing.py","logger":"airflow.models.dagbag.DagBag"}
{"timestamp":"2025-08-14T20:59:11.068876","level":"info","event":"Filling up the DagBag from /opt/airflow/dags/user_processing.py","logger":"airflow.models.dagbag.DagBag"}
{"timestamp":"2025-08-14T20:59:17.263624","level":"info","event":"Filling up the DagBag from /opt/airflow/dags/user_processing.py","logger":"airflow.models.dagbag.DagBag"}
{"timestamp":"2025-08-14T20:59:47.640298","level":"info","event":"Filling up the DagBag from /opt/airflow/dags/user_processing.py","logger":"airflow.models.dagbag.DagBag"}
{"timestamp":"2025-08-14T21:00:17.986205","level":"info","event":"Filling up the DagBag from /opt/airflow/dags/user_processing.py","logger":"airflow.models.dagbag.DagBag"}
{"timestamp":"2025-08-14T21:00:48.348281","level":"info","event":"Filling up the DagBag from /opt/airflow/dags/user_processing.py","logger":"airflow.models.dagbag.DagBag"}
{"timestamp":"2025-08-14T21:01:18.731619","level":"info","event":"Filling up the DagBag from /opt/airflow/dags/user_processing.py","logger":"airflow.models.dagbag.DagBag"}
{"timestamp":"2025-08-14T21:01:49.077627","level":"info","event":"Filling up the DagBag from /opt/airflow/dags/user_processing.py","logger":"airflow.models.dagbag.DagBag"}
{"timestamp":"2025-08-14T21:02:19.431421","level":"info","event":"Filling up the DagBag from /opt/airflow/dags/user_processing.py","logger":"airflow.models.dagbag.DagBag"}
{"timestamp":"2025-08-14T21:02:49.761077","level":"info","event":"Filling up the DagBag from /opt/airflow/dags/user_processing.py","logger":"airflow.models.dagbag.DagBag"}
{"timestamp":"2025-08-14T21:03:20.099659","level":"info","event":"Filling up the DagBag from /opt/airflow/dags/user_processing.py","logger":"airflow.models.dagbag.DagBag"}
{"timestamp":"2025-08-14T21:03:50.437804","level":"info","event":"Filling up the DagBag from /opt/airflow/dags/user_processing.py","logger":"airflow.models.dagbag.DagBag"}
{"timestamp":"2025-08-14T21:04:20.772460","level":"info","event":"Filling up the DagBag from /opt/airflow/dags/user_processing.py","logger":"airflow.models.dagbag.DagBag"}
{"timestamp":"2025-08-14T21:04:51.115863","level":"info","event":"Filling up the DagBag from /opt/airflow/dags/user_processing.py","logger":"airflow.models.dagbag.DagBag"}
{"timestamp":"2025-08-14T21:05:21.447214","level":"info","event":"Filling up the DagBag from /opt/airflow/dags/user_processing.py","logger":"airflow.models.dagbag.DagBag"}
{"timestamp":"2025-08-14T21:05:51.783652","level":"info","event":"Filling up the DagBag from /opt/airflow/dags/user_processing.py","logger":"airflow.models.dagbag.DagBag"}
{"timestamp":"2025-08-14T21:06:22.122920","level":"info","event":"Filling up the DagBag from /opt/airflow/dags/user_processing.py","logger":"airflow.models.dagbag.DagBag"}
{"timestamp":"2025-08-14T21:06:52.447489","level":"info","event":"Filling up the DagBag from /opt/airflow/dags/user_processing.py","logger":"airflow.models.dagbag.DagBag"}
{"timestamp":"2025-08-14T21:07:22.777198","level":"info","event":"Filling up the DagBag from /opt/airflow/dags/user_processing.py","logger":"airflow.models.dagbag.DagBag"}
{"timestamp":"2025-08-14T21:07:53.105628","level":"info","event":"Filling up the DagBag from /opt/airflow/dags/user_processing.py","logger":"airflow.models.dagbag.DagBag"}
{"timestamp":"2025-08-14T21:08:23.427299","level":"info","event":"Filling up the DagBag from /opt/airflow/dags/user_processing.py","logger":"airflow.models.dagbag.DagBag"}
{"timestamp":"2025-08-14T21:08:53.752430","level":"info","event":"Filling up the DagBag from /opt/airflow/dags/user_processing.py","logger":"airflow.models.dagbag.DagBag"}
{"timestamp":"2025-08-14T21:09:24.089443","level":"info","event":"Filling up the DagBag from /opt/airflow/dags/user_processing.py","logger":"airflow.models.dagbag.DagBag"}
{"timestamp":"2025-08-14T21:09:54.429048","level":"info","event":"Filling up the DagBag from /opt/airflow/dags/user_processing.py","logger":"airflow.models.dagbag.DagBag"}
{"timestamp":"2025-08-14T21:10:24.760125","level":"info","event":"Filling up the DagBag from /opt/airflow/dags/user_processing.py","logger":"airflow.models.dagbag.DagBag"}
{"timestamp":"2025-08-14T21:10:55.081036","level":"info","event":"Filling up the DagBag from /opt/airflow/dags/user_processing.py","logger":"airflow.models.dagbag.DagBag"}
{"timestamp":"2025-08-14T21:11:25.421880","level":"info","event":"Filling up the DagBag from /opt/airflow/dags/user_processing.py","logger":"airflow.models.dagbag.DagBag"}
{"timestamp":"2025-08-14T21:11:55.779466","level":"info","event":"Filling up the DagBag from /opt/airflow/dags/user_processing.py","logger":"airflow.models.dagbag.DagBag"}
{"timestamp":"2025-08-14T21:12:26.115354","level":"info","event":"Filling up the DagBag from /opt/airflow/dags/user_processing.py","logger":"airflow.models.dagbag.DagBag"}
