{"timestamp":"2025-08-20T19:21:27.927861","level":"info","event":"Filling up the DagBag from /opt/airflow/dags/project-spark/stock_market.py","logger":"airflow.models.dagbag.DagBag"}
{"timestamp":"2025-08-20T19:21:58.354328","level":"info","event":"Filling up the DagBag from /opt/airflow/dags/project-spark/stock_market.py","logger":"airflow.models.dagbag.DagBag"}
{"timestamp":"2025-08-20T19:22:28.650235","level":"info","event":"Filling up the DagBag from /opt/airflow/dags/project-spark/stock_market.py","logger":"airflow.models.dagbag.DagBag"}
{"timestamp":"2025-08-20T19:22:58.975658","level":"info","event":"Filling up the DagBag from /opt/airflow/dags/project-spark/stock_market.py","logger":"airflow.models.dagbag.DagBag"}
{"timestamp":"2025-08-20T19:23:29.309076","level":"info","event":"Filling up the DagBag from /opt/airflow/dags/project-spark/stock_market.py","logger":"airflow.models.dagbag.DagBag"}
{"timestamp":"2025-08-20T19:23:59.684649","level":"info","event":"Filling up the DagBag from /opt/airflow/dags/project-spark/stock_market.py","logger":"airflow.models.dagbag.DagBag"}
{"timestamp":"2025-08-20T19:24:29.915448","level":"info","event":"Filling up the DagBag from /opt/airflow/dags/project-spark/stock_market.py","logger":"airflow.models.dagbag.DagBag"}
{"timestamp":"2025-08-20T19:25:00.169436","level":"info","event":"Filling up the DagBag from /opt/airflow/dags/project-spark/stock_market.py","logger":"airflow.models.dagbag.DagBag"}
{"timestamp":"2025-08-20T19:25:30.413061","level":"info","event":"Filling up the DagBag from /opt/airflow/dags/project-spark/stock_market.py","logger":"airflow.models.dagbag.DagBag"}
{"timestamp":"2025-08-20T19:26:00.713685","level":"info","event":"Filling up the DagBag from /opt/airflow/dags/project-spark/stock_market.py","logger":"airflow.models.dagbag.DagBag"}
{"timestamp":"2025-08-20T19:26:31.003046","level":"info","event":"Filling up the DagBag from /opt/airflow/dags/project-spark/stock_market.py","logger":"airflow.models.dagbag.DagBag"}
{"timestamp":"2025-08-20T19:27:01.326135","level":"info","event":"Filling up the DagBag from /opt/airflow/dags/project-spark/stock_market.py","logger":"airflow.models.dagbag.DagBag"}
{"timestamp":"2025-08-20T19:27:31.552324","level":"info","event":"Filling up the DagBag from /opt/airflow/dags/project-spark/stock_market.py","logger":"airflow.models.dagbag.DagBag"}
{"timestamp":"2025-08-20T19:28:01.795868","level":"info","event":"Filling up the DagBag from /opt/airflow/dags/project-spark/stock_market.py","logger":"airflow.models.dagbag.DagBag"}
{"timestamp":"2025-08-20T19:28:32.034693","level":"info","event":"Filling up the DagBag from /opt/airflow/dags/project-spark/stock_market.py","logger":"airflow.models.dagbag.DagBag"}
{"timestamp":"2025-08-20T19:29:02.327141","level":"info","event":"Filling up the DagBag from /opt/airflow/dags/project-spark/stock_market.py","logger":"airflow.models.dagbag.DagBag"}
{"timestamp":"2025-08-20T19:29:32.615445","level":"info","event":"Filling up the DagBag from /opt/airflow/dags/project-spark/stock_market.py","logger":"airflow.models.dagbag.DagBag"}
{"timestamp":"2025-08-20T19:30:02.895972","level":"info","event":"Filling up the DagBag from /opt/airflow/dags/project-spark/stock_market.py","logger":"airflow.models.dagbag.DagBag"}
{"timestamp":"2025-08-20T19:30:33.159482","level":"info","event":"Filling up the DagBag from /opt/airflow/dags/project-spark/stock_market.py","logger":"airflow.models.dagbag.DagBag"}
{"timestamp":"2025-08-20T19:31:03.436578","level":"info","event":"Filling up the DagBag from /opt/airflow/dags/project-spark/stock_market.py","logger":"airflow.models.dagbag.DagBag"}
{"timestamp":"2025-08-20T19:31:33.693749","level":"info","event":"Filling up the DagBag from /opt/airflow/dags/project-spark/stock_market.py","logger":"airflow.models.dagbag.DagBag"}
{"timestamp":"2025-08-20T19:32:03.987061","level":"info","event":"Filling up the DagBag from /opt/airflow/dags/project-spark/stock_market.py","logger":"airflow.models.dagbag.DagBag"}
{"timestamp":"2025-08-20T19:32:34.248275","level":"info","event":"Filling up the DagBag from /opt/airflow/dags/project-spark/stock_market.py","logger":"airflow.models.dagbag.DagBag"}
{"timestamp":"2025-08-20T19:33:04.526275","level":"info","event":"Filling up the DagBag from /opt/airflow/dags/project-spark/stock_market.py","logger":"airflow.models.dagbag.DagBag"}
{"timestamp":"2025-08-20T19:33:34.795555","level":"info","event":"Filling up the DagBag from /opt/airflow/dags/project-spark/stock_market.py","logger":"airflow.models.dagbag.DagBag"}
{"timestamp":"2025-08-20T19:34:05.078653","level":"info","event":"Filling up the DagBag from /opt/airflow/dags/project-spark/stock_market.py","logger":"airflow.models.dagbag.DagBag"}
{"timestamp":"2025-08-20T19:34:35.379157","level":"info","event":"Filling up the DagBag from /opt/airflow/dags/project-spark/stock_market.py","logger":"airflow.models.dagbag.DagBag"}
{"timestamp":"2025-08-20T19:35:05.729120","level":"info","event":"Filling up the DagBag from /opt/airflow/dags/project-spark/stock_market.py","logger":"airflow.models.dagbag.DagBag"}
{"timestamp":"2025-08-20T19:35:36.084048","level":"info","event":"Filling up the DagBag from /opt/airflow/dags/project-spark/stock_market.py","logger":"airflow.models.dagbag.DagBag"}
{"timestamp":"2025-08-20T19:36:06.385702","level":"info","event":"Filling up the DagBag from /opt/airflow/dags/project-spark/stock_market.py","logger":"airflow.models.dagbag.DagBag"}
{"timestamp":"2025-08-20T19:36:36.703896","level":"info","event":"Filling up the DagBag from /opt/airflow/dags/project-spark/stock_market.py","logger":"airflow.models.dagbag.DagBag"}
{"timestamp":"2025-08-20T19:37:07.123531","level":"info","event":"Filling up the DagBag from /opt/airflow/dags/project-spark/stock_market.py","logger":"airflow.models.dagbag.DagBag"}
{"timestamp":"2025-08-20T19:37:37.631852","level":"info","event":"Filling up the DagBag from /opt/airflow/dags/project-spark/stock_market.py","logger":"airflow.models.dagbag.DagBag"}
{"timestamp":"2025-08-20T19:38:07.920208","level":"info","event":"Filling up the DagBag from /opt/airflow/dags/project-spark/stock_market.py","logger":"airflow.models.dagbag.DagBag"}
{"timestamp":"2025-08-20T19:38:38.185482","level":"info","event":"Filling up the DagBag from /opt/airflow/dags/project-spark/stock_market.py","logger":"airflow.models.dagbag.DagBag"}
{"timestamp":"2025-08-20T19:39:08.486711","level":"info","event":"Filling up the DagBag from /opt/airflow/dags/project-spark/stock_market.py","logger":"airflow.models.dagbag.DagBag"}
{"timestamp":"2025-08-20T19:39:38.837690","level":"info","event":"Filling up the DagBag from /opt/airflow/dags/project-spark/stock_market.py","logger":"airflow.models.dagbag.DagBag"}
{"timestamp":"2025-08-20T19:40:09.154524","level":"info","event":"Filling up the DagBag from /opt/airflow/dags/project-spark/stock_market.py","logger":"airflow.models.dagbag.DagBag"}
{"timestamp":"2025-08-20T19:40:39.456845","level":"info","event":"Filling up the DagBag from /opt/airflow/dags/project-spark/stock_market.py","logger":"airflow.models.dagbag.DagBag"}
{"timestamp":"2025-08-20T19:41:09.743764","level":"info","event":"Filling up the DagBag from /opt/airflow/dags/project-spark/stock_market.py","logger":"airflow.models.dagbag.DagBag"}
{"timestamp":"2025-08-20T19:41:40.004902","level":"info","event":"Filling up the DagBag from /opt/airflow/dags/project-spark/stock_market.py","logger":"airflow.models.dagbag.DagBag"}
{"timestamp":"2025-08-20T19:42:10.330138","level":"info","event":"Filling up the DagBag from /opt/airflow/dags/project-spark/stock_market.py","logger":"airflow.models.dagbag.DagBag"}
{"timestamp":"2025-08-20T19:42:40.700329","level":"info","event":"Filling up the DagBag from /opt/airflow/dags/project-spark/stock_market.py","logger":"airflow.models.dagbag.DagBag"}
{"timestamp":"2025-08-20T19:43:11.016060","level":"info","event":"Filling up the DagBag from /opt/airflow/dags/project-spark/stock_market.py","logger":"airflow.models.dagbag.DagBag"}
{"timestamp":"2025-08-20T19:43:41.477267","level":"info","event":"Filling up the DagBag from /opt/airflow/dags/project-spark/stock_market.py","logger":"airflow.models.dagbag.DagBag"}
{"timestamp":"2025-08-20T19:44:11.742290","level":"info","event":"Filling up the DagBag from /opt/airflow/dags/project-spark/stock_market.py","logger":"airflow.models.dagbag.DagBag"}
{"timestamp":"2025-08-20T19:44:41.991276","level":"info","event":"Filling up the DagBag from /opt/airflow/dags/project-spark/stock_market.py","logger":"airflow.models.dagbag.DagBag"}
{"timestamp":"2025-08-20T19:45:12.314500","level":"info","event":"Filling up the DagBag from /opt/airflow/dags/project-spark/stock_market.py","logger":"airflow.models.dagbag.DagBag"}
{"timestamp":"2025-08-20T19:45:42.537857","level":"info","event":"Filling up the DagBag from /opt/airflow/dags/project-spark/stock_market.py","logger":"airflow.models.dagbag.DagBag"}
{"timestamp":"2025-08-20T19:46:12.771901","level":"info","event":"Filling up the DagBag from /opt/airflow/dags/project-spark/stock_market.py","logger":"airflow.models.dagbag.DagBag"}
{"timestamp":"2025-08-20T19:46:43.051316","level":"info","event":"Filling up the DagBag from /opt/airflow/dags/project-spark/stock_market.py","logger":"airflow.models.dagbag.DagBag"}
{"timestamp":"2025-08-20T19:47:13.272287","level":"info","event":"Filling up the DagBag from /opt/airflow/dags/project-spark/stock_market.py","logger":"airflow.models.dagbag.DagBag"}
{"timestamp":"2025-08-20T19:47:43.527819","level":"info","event":"Filling up the DagBag from /opt/airflow/dags/project-spark/stock_market.py","logger":"airflow.models.dagbag.DagBag"}
{"timestamp":"2025-08-20T19:48:13.869699","level":"info","event":"Filling up the DagBag from /opt/airflow/dags/project-spark/stock_market.py","logger":"airflow.models.dagbag.DagBag"}
{"timestamp":"2025-08-20T19:48:44.079049","level":"info","event":"Filling up the DagBag from /opt/airflow/dags/project-spark/stock_market.py","logger":"airflow.models.dagbag.DagBag"}
{"timestamp":"2025-08-20T19:49:14.311706","level":"info","event":"Filling up the DagBag from /opt/airflow/dags/project-spark/stock_market.py","logger":"airflow.models.dagbag.DagBag"}
{"timestamp":"2025-08-20T19:49:44.590588","level":"info","event":"Filling up the DagBag from /opt/airflow/dags/project-spark/stock_market.py","logger":"airflow.models.dagbag.DagBag"}
{"timestamp":"2025-08-20T19:50:14.848582","level":"info","event":"Filling up the DagBag from /opt/airflow/dags/project-spark/stock_market.py","logger":"airflow.models.dagbag.DagBag"}
{"timestamp":"2025-08-20T19:50:45.214475","level":"info","event":"Filling up the DagBag from /opt/airflow/dags/project-spark/stock_market.py","logger":"airflow.models.dagbag.DagBag"}
{"timestamp":"2025-08-20T19:51:15.480197","level":"info","event":"Filling up the DagBag from /opt/airflow/dags/project-spark/stock_market.py","logger":"airflow.models.dagbag.DagBag"}
{"timestamp":"2025-08-20T19:51:45.768383","level":"info","event":"Filling up the DagBag from /opt/airflow/dags/project-spark/stock_market.py","logger":"airflow.models.dagbag.DagBag"}
{"timestamp":"2025-08-20T19:52:16.133662","level":"info","event":"Filling up the DagBag from /opt/airflow/dags/project-spark/stock_market.py","logger":"airflow.models.dagbag.DagBag"}
{"timestamp":"2025-08-20T19:52:46.400588","level":"info","event":"Filling up the DagBag from /opt/airflow/dags/project-spark/stock_market.py","logger":"airflow.models.dagbag.DagBag"}
{"timestamp":"2025-08-20T19:53:16.884492","level":"info","event":"Filling up the DagBag from /opt/airflow/dags/project-spark/stock_market.py","logger":"airflow.models.dagbag.DagBag"}
{"timestamp":"2025-08-20T19:53:47.177501","level":"info","event":"Filling up the DagBag from /opt/airflow/dags/project-spark/stock_market.py","logger":"airflow.models.dagbag.DagBag"}
{"timestamp":"2025-08-20T19:54:17.505521","level":"info","event":"Filling up the DagBag from /opt/airflow/dags/project-spark/stock_market.py","logger":"airflow.models.dagbag.DagBag"}
{"timestamp":"2025-08-20T19:54:47.745517","level":"info","event":"Filling up the DagBag from /opt/airflow/dags/project-spark/stock_market.py","logger":"airflow.models.dagbag.DagBag"}
{"timestamp":"2025-08-20T19:55:18.005659","level":"info","event":"Filling up the DagBag from /opt/airflow/dags/project-spark/stock_market.py","logger":"airflow.models.dagbag.DagBag"}
{"timestamp":"2025-08-20T19:55:48.240367","level":"info","event":"Filling up the DagBag from /opt/airflow/dags/project-spark/stock_market.py","logger":"airflow.models.dagbag.DagBag"}
{"timestamp":"2025-08-20T19:56:18.478696","level":"info","event":"Filling up the DagBag from /opt/airflow/dags/project-spark/stock_market.py","logger":"airflow.models.dagbag.DagBag"}
{"timestamp":"2025-08-20T19:56:48.721814","level":"info","event":"Filling up the DagBag from /opt/airflow/dags/project-spark/stock_market.py","logger":"airflow.models.dagbag.DagBag"}
{"timestamp":"2025-08-20T19:57:18.973311","level":"info","event":"Filling up the DagBag from /opt/airflow/dags/project-spark/stock_market.py","logger":"airflow.models.dagbag.DagBag"}
{"timestamp":"2025-08-20T19:57:49.214490","level":"info","event":"Filling up the DagBag from /opt/airflow/dags/project-spark/stock_market.py","logger":"airflow.models.dagbag.DagBag"}
{"timestamp":"2025-08-20T19:58:19.462052","level":"info","event":"Filling up the DagBag from /opt/airflow/dags/project-spark/stock_market.py","logger":"airflow.models.dagbag.DagBag"}
{"timestamp":"2025-08-20T19:58:49.848473","level":"info","event":"Filling up the DagBag from /opt/airflow/dags/project-spark/stock_market.py","logger":"airflow.models.dagbag.DagBag"}
{"timestamp":"2025-08-20T19:59:20.162892","level":"info","event":"Filling up the DagBag from /opt/airflow/dags/project-spark/stock_market.py","logger":"airflow.models.dagbag.DagBag"}
{"timestamp":"2025-08-20T19:59:50.397046","level":"info","event":"Filling up the DagBag from /opt/airflow/dags/project-spark/stock_market.py","logger":"airflow.models.dagbag.DagBag"}
{"timestamp":"2025-08-20T20:00:20.640906","level":"info","event":"Filling up the DagBag from /opt/airflow/dags/project-spark/stock_market.py","logger":"airflow.models.dagbag.DagBag"}
{"timestamp":"2025-08-20T20:00:50.899873","level":"info","event":"Filling up the DagBag from /opt/airflow/dags/project-spark/stock_market.py","logger":"airflow.models.dagbag.DagBag"}
{"timestamp":"2025-08-20T20:01:21.213275","level":"info","event":"Filling up the DagBag from /opt/airflow/dags/project-spark/stock_market.py","logger":"airflow.models.dagbag.DagBag"}
{"timestamp":"2025-08-20T20:01:51.460340","level":"info","event":"Filling up the DagBag from /opt/airflow/dags/project-spark/stock_market.py","logger":"airflow.models.dagbag.DagBag"}
{"timestamp":"2025-08-20T20:02:21.766316","level":"info","event":"Filling up the DagBag from /opt/airflow/dags/project-spark/stock_market.py","logger":"airflow.models.dagbag.DagBag"}
{"timestamp":"2025-08-20T20:02:52.069158","level":"info","event":"Filling up the DagBag from /opt/airflow/dags/project-spark/stock_market.py","logger":"airflow.models.dagbag.DagBag"}
{"timestamp":"2025-08-20T20:03:22.375230","level":"info","event":"Filling up the DagBag from /opt/airflow/dags/project-spark/stock_market.py","logger":"airflow.models.dagbag.DagBag"}
{"timestamp":"2025-08-20T20:03:52.675133","level":"info","event":"Filling up the DagBag from /opt/airflow/dags/project-spark/stock_market.py","logger":"airflow.models.dagbag.DagBag"}
{"timestamp":"2025-08-20T20:04:23.078737","level":"info","event":"Filling up the DagBag from /opt/airflow/dags/project-spark/stock_market.py","logger":"airflow.models.dagbag.DagBag"}
{"timestamp":"2025-08-20T20:04:53.339617","level":"info","event":"Filling up the DagBag from /opt/airflow/dags/project-spark/stock_market.py","logger":"airflow.models.dagbag.DagBag"}
{"timestamp":"2025-08-20T20:05:23.614660","level":"info","event":"Filling up the DagBag from /opt/airflow/dags/project-spark/stock_market.py","logger":"airflow.models.dagbag.DagBag"}
{"timestamp":"2025-08-20T20:05:53.853485","level":"info","event":"Filling up the DagBag from /opt/airflow/dags/project-spark/stock_market.py","logger":"airflow.models.dagbag.DagBag"}
{"timestamp":"2025-08-20T20:06:24.100094","level":"info","event":"Filling up the DagBag from /opt/airflow/dags/project-spark/stock_market.py","logger":"airflow.models.dagbag.DagBag"}
{"timestamp":"2025-08-20T20:06:54.394263","level":"info","event":"Filling up the DagBag from /opt/airflow/dags/project-spark/stock_market.py","logger":"airflow.models.dagbag.DagBag"}
{"timestamp":"2025-08-20T20:07:24.738782","level":"info","event":"Filling up the DagBag from /opt/airflow/dags/project-spark/stock_market.py","logger":"airflow.models.dagbag.DagBag"}
{"timestamp":"2025-08-20T20:07:55.071911","level":"info","event":"Filling up the DagBag from /opt/airflow/dags/project-spark/stock_market.py","logger":"airflow.models.dagbag.DagBag"}
{"timestamp":"2025-08-20T20:08:08.135754","level":"info","event":"Filling up the DagBag from /opt/airflow/dags/project-spark/stock_market.py","logger":"airflow.models.dagbag.DagBag"}
{"timestamp":"2025-08-20T20:08:08.156204","level":"error","event":"Failed to import: /opt/airflow/dags/project-spark/stock_market.py","logger":"airflow.models.dagbag.DagBag","error_detail":[{"exc_type":"IndentationError","exc_value":"expected an indented block after function definition on line 12 (stock_market.py, line 15)","exc_notes":[],"syntax_error":{"offset":0,"filename":"/opt/airflow/dags/project-spark/stock_market.py","line":"stock_market()","lineno":15,"msg":"expected an indented block after function definition on line 12"},"is_cause":false,"frames":[{"filename":"/home/airflow/.local/lib/python3.12/site-packages/airflow/models/dagbag.py","lineno":384,"name":"parse"},{"filename":"<frozen importlib._bootstrap_external>","lineno":995,"name":"exec_module"},{"filename":"<frozen importlib._bootstrap_external>","lineno":1133,"name":"get_code"},{"filename":"<frozen importlib._bootstrap_external>","lineno":1063,"name":"source_to_code"},{"filename":"<frozen importlib._bootstrap>","lineno":488,"name":"_call_with_frames_removed"}]}]}
{"timestamp":"2025-08-20T20:08:30.649469","level":"info","event":"Filling up the DagBag from /opt/airflow/dags/project-spark/stock_market.py","logger":"airflow.models.dagbag.DagBag"}
{"timestamp":"2025-08-20T20:08:30.674619","level":"error","event":"Failed to import: /opt/airflow/dags/project-spark/stock_market.py","logger":"airflow.models.dagbag.DagBag","error_detail":[{"exc_type":"IndentationError","exc_value":"unexpected unindent (stock_market.py, line 14)","exc_notes":[],"syntax_error":{"offset":0,"filename":"/opt/airflow/dags/project-spark/stock_market.py","line":"stock_market()","lineno":14,"msg":"unexpected unindent"},"is_cause":false,"frames":[{"filename":"/home/airflow/.local/lib/python3.12/site-packages/airflow/models/dagbag.py","lineno":384,"name":"parse"},{"filename":"<frozen importlib._bootstrap_external>","lineno":995,"name":"exec_module"},{"filename":"<frozen importlib._bootstrap_external>","lineno":1133,"name":"get_code"},{"filename":"<frozen importlib._bootstrap_external>","lineno":1063,"name":"source_to_code"},{"filename":"<frozen importlib._bootstrap>","lineno":488,"name":"_call_with_frames_removed"}]}]}
{"timestamp":"2025-08-20T20:08:48.800387","level":"info","event":"Filling up the DagBag from /opt/airflow/dags/project-spark/stock_market.py","logger":"airflow.models.dagbag.DagBag"}
{"timestamp":"2025-08-20T20:08:48.820181","level":"error","event":"Failed to import: /opt/airflow/dags/project-spark/stock_market.py","logger":"airflow.models.dagbag.DagBag","error_detail":[{"exc_type":"SyntaxError","exc_value":"invalid syntax (stock_market.py, line 12)","exc_notes":[],"syntax_error":{"offset":9,"filename":"/opt/airflow/dags/project-spark/stock_market.py","line":"    def \n","lineno":12,"msg":"invalid syntax"},"is_cause":false,"frames":[{"filename":"/home/airflow/.local/lib/python3.12/site-packages/airflow/models/dagbag.py","lineno":384,"name":"parse"},{"filename":"<frozen importlib._bootstrap_external>","lineno":995,"name":"exec_module"},{"filename":"<frozen importlib._bootstrap_external>","lineno":1133,"name":"get_code"},{"filename":"<frozen importlib._bootstrap_external>","lineno":1063,"name":"source_to_code"},{"filename":"<frozen importlib._bootstrap>","lineno":488,"name":"_call_with_frames_removed"}]}]}
{"timestamp":"2025-08-20T20:09:19.190211","level":"info","event":"Filling up the DagBag from /opt/airflow/dags/project-spark/stock_market.py","logger":"airflow.models.dagbag.DagBag"}
{"timestamp":"2025-08-20T20:09:19.209513","level":"error","event":"Failed to import: /opt/airflow/dags/project-spark/stock_market.py","logger":"airflow.models.dagbag.DagBag","error_detail":[{"exc_type":"SyntaxError","exc_value":"invalid syntax (stock_market.py, line 12)","exc_notes":[],"syntax_error":{"offset":9,"filename":"/opt/airflow/dags/project-spark/stock_market.py","line":"    def \n","lineno":12,"msg":"invalid syntax"},"is_cause":false,"frames":[{"filename":"/home/airflow/.local/lib/python3.12/site-packages/airflow/models/dagbag.py","lineno":384,"name":"parse"},{"filename":"<frozen importlib._bootstrap_external>","lineno":995,"name":"exec_module"},{"filename":"<frozen importlib._bootstrap_external>","lineno":1133,"name":"get_code"},{"filename":"<frozen importlib._bootstrap_external>","lineno":1063,"name":"source_to_code"},{"filename":"<frozen importlib._bootstrap>","lineno":488,"name":"_call_with_frames_removed"}]}]}
{"timestamp":"2025-08-20T20:09:45.670803","level":"info","event":"Filling up the DagBag from /opt/airflow/dags/project-spark/stock_market.py","logger":"airflow.models.dagbag.DagBag"}
{"timestamp":"2025-08-20T20:10:15.936288","level":"info","event":"Filling up the DagBag from /opt/airflow/dags/project-spark/stock_market.py","logger":"airflow.models.dagbag.DagBag"}
{"timestamp":"2025-08-20T20:10:46.176887","level":"info","event":"Filling up the DagBag from /opt/airflow/dags/project-spark/stock_market.py","logger":"airflow.models.dagbag.DagBag"}
{"timestamp":"2025-08-20T20:11:16.667867","level":"info","event":"Filling up the DagBag from /opt/airflow/dags/project-spark/stock_market.py","logger":"airflow.models.dagbag.DagBag"}
{"timestamp":"2025-08-20T20:11:47.228663","level":"info","event":"Filling up the DagBag from /opt/airflow/dags/project-spark/stock_market.py","logger":"airflow.models.dagbag.DagBag"}
{"timestamp":"2025-08-20T20:12:18.074278","level":"info","event":"Filling up the DagBag from /opt/airflow/dags/project-spark/stock_market.py","logger":"airflow.models.dagbag.DagBag"}
{"timestamp":"2025-08-20T20:12:48.637312","level":"info","event":"Filling up the DagBag from /opt/airflow/dags/project-spark/stock_market.py","logger":"airflow.models.dagbag.DagBag"}
{"timestamp":"2025-08-20T20:12:53.866327","level":"info","event":"Filling up the DagBag from /opt/airflow/dags/project-spark/stock_market.py","logger":"airflow.models.dagbag.DagBag"}
{"timestamp":"2025-08-20T20:13:24.469447","level":"info","event":"Filling up the DagBag from /opt/airflow/dags/project-spark/stock_market.py","logger":"airflow.models.dagbag.DagBag"}
{"timestamp":"2025-08-20T20:13:55.269016","level":"info","event":"Filling up the DagBag from /opt/airflow/dags/project-spark/stock_market.py","logger":"airflow.models.dagbag.DagBag"}
{"timestamp":"2025-08-20T20:14:25.725261","level":"info","event":"Filling up the DagBag from /opt/airflow/dags/project-spark/stock_market.py","logger":"airflow.models.dagbag.DagBag"}
{"timestamp":"2025-08-20T20:14:56.451420","level":"info","event":"Filling up the DagBag from /opt/airflow/dags/project-spark/stock_market.py","logger":"airflow.models.dagbag.DagBag"}
{"timestamp":"2025-08-20T20:15:27.566743","level":"info","event":"Filling up the DagBag from /opt/airflow/dags/project-spark/stock_market.py","logger":"airflow.models.dagbag.DagBag"}
{"timestamp":"2025-08-20T20:15:58.278440","level":"info","event":"Filling up the DagBag from /opt/airflow/dags/project-spark/stock_market.py","logger":"airflow.models.dagbag.DagBag"}
{"timestamp":"2025-08-20T20:16:28.720765","level":"info","event":"Filling up the DagBag from /opt/airflow/dags/project-spark/stock_market.py","logger":"airflow.models.dagbag.DagBag"}
{"timestamp":"2025-08-20T20:16:59.195525","level":"info","event":"Filling up the DagBag from /opt/airflow/dags/project-spark/stock_market.py","logger":"airflow.models.dagbag.DagBag"}
{"timestamp":"2025-08-20T20:17:29.599699","level":"info","event":"Filling up the DagBag from /opt/airflow/dags/project-spark/stock_market.py","logger":"airflow.models.dagbag.DagBag"}
{"timestamp":"2025-08-20T20:17:59.988692","level":"info","event":"Filling up the DagBag from /opt/airflow/dags/project-spark/stock_market.py","logger":"airflow.models.dagbag.DagBag"}
{"timestamp":"2025-08-20T20:18:30.369472","level":"info","event":"Filling up the DagBag from /opt/airflow/dags/project-spark/stock_market.py","logger":"airflow.models.dagbag.DagBag"}
{"timestamp":"2025-08-20T20:19:00.729274","level":"info","event":"Filling up the DagBag from /opt/airflow/dags/project-spark/stock_market.py","logger":"airflow.models.dagbag.DagBag"}
{"timestamp":"2025-08-20T20:19:31.140745","level":"info","event":"Filling up the DagBag from /opt/airflow/dags/project-spark/stock_market.py","logger":"airflow.models.dagbag.DagBag"}
{"timestamp":"2025-08-20T20:20:01.631635","level":"info","event":"Filling up the DagBag from /opt/airflow/dags/project-spark/stock_market.py","logger":"airflow.models.dagbag.DagBag"}
{"timestamp":"2025-08-20T20:20:32.014516","level":"info","event":"Filling up the DagBag from /opt/airflow/dags/project-spark/stock_market.py","logger":"airflow.models.dagbag.DagBag"}
{"timestamp":"2025-08-20T20:21:02.742060","level":"info","event":"Filling up the DagBag from /opt/airflow/dags/project-spark/stock_market.py","logger":"airflow.models.dagbag.DagBag"}
{"timestamp":"2025-08-20T20:21:33.145886","level":"info","event":"Filling up the DagBag from /opt/airflow/dags/project-spark/stock_market.py","logger":"airflow.models.dagbag.DagBag"}
{"timestamp":"2025-08-20T20:22:03.659994","level":"info","event":"Filling up the DagBag from /opt/airflow/dags/project-spark/stock_market.py","logger":"airflow.models.dagbag.DagBag"}
{"timestamp":"2025-08-20T20:22:34.139977","level":"info","event":"Filling up the DagBag from /opt/airflow/dags/project-spark/stock_market.py","logger":"airflow.models.dagbag.DagBag"}
{"timestamp":"2025-08-20T20:23:04.540901","level":"info","event":"Filling up the DagBag from /opt/airflow/dags/project-spark/stock_market.py","logger":"airflow.models.dagbag.DagBag"}
{"timestamp":"2025-08-20T20:23:34.861967","level":"info","event":"Filling up the DagBag from /opt/airflow/dags/project-spark/stock_market.py","logger":"airflow.models.dagbag.DagBag"}
{"timestamp":"2025-08-20T20:24:05.214004","level":"info","event":"Filling up the DagBag from /opt/airflow/dags/project-spark/stock_market.py","logger":"airflow.models.dagbag.DagBag"}
{"timestamp":"2025-08-20T20:24:35.569484","level":"info","event":"Filling up the DagBag from /opt/airflow/dags/project-spark/stock_market.py","logger":"airflow.models.dagbag.DagBag"}
{"timestamp":"2025-08-20T20:25:05.928296","level":"info","event":"Filling up the DagBag from /opt/airflow/dags/project-spark/stock_market.py","logger":"airflow.models.dagbag.DagBag"}
{"timestamp":"2025-08-20T20:25:36.574147","level":"info","event":"Filling up the DagBag from /opt/airflow/dags/project-spark/stock_market.py","logger":"airflow.models.dagbag.DagBag"}
{"timestamp":"2025-08-20T20:26:07.062748","level":"info","event":"Filling up the DagBag from /opt/airflow/dags/project-spark/stock_market.py","logger":"airflow.models.dagbag.DagBag"}
{"timestamp":"2025-08-20T20:26:37.526695","level":"info","event":"Filling up the DagBag from /opt/airflow/dags/project-spark/stock_market.py","logger":"airflow.models.dagbag.DagBag"}
{"timestamp":"2025-08-20T20:26:57.752958","level":"info","event":"Filling up the DagBag from /opt/airflow/dags/project-spark/stock_market.py","logger":"airflow.models.dagbag.DagBag"}
{"timestamp":"2025-08-20T20:27:27.172743","level":"info","event":"Filling up the DagBag from /opt/airflow/dags/project-spark/stock_market.py","logger":"airflow.models.dagbag.DagBag"}
{"timestamp":"2025-08-20T20:27:57.574113","level":"info","event":"Filling up the DagBag from /opt/airflow/dags/project-spark/stock_market.py","logger":"airflow.models.dagbag.DagBag"}
{"timestamp":"2025-08-20T20:28:27.978522","level":"info","event":"Filling up the DagBag from /opt/airflow/dags/project-spark/stock_market.py","logger":"airflow.models.dagbag.DagBag"}
{"timestamp":"2025-08-20T20:28:58.366813","level":"info","event":"Filling up the DagBag from /opt/airflow/dags/project-spark/stock_market.py","logger":"airflow.models.dagbag.DagBag"}
{"timestamp":"2025-08-20T20:29:19.857478","level":"info","event":"Filling up the DagBag from /opt/airflow/dags/project-spark/stock_market.py","logger":"airflow.models.dagbag.DagBag"}
{"timestamp":"2025-08-20T20:29:28.998826","level":"info","event":"Filling up the DagBag from /opt/airflow/dags/project-spark/stock_market.py","logger":"airflow.models.dagbag.DagBag"}
{"timestamp":"2025-08-20T20:29:59.465723","level":"info","event":"Filling up the DagBag from /opt/airflow/dags/project-spark/stock_market.py","logger":"airflow.models.dagbag.DagBag"}
{"timestamp":"2025-08-20T20:30:15.835019","level":"info","event":"Filling up the DagBag from /opt/airflow/dags/project-spark/stock_market.py","logger":"airflow.models.dagbag.DagBag"}
{"timestamp":"2025-08-20T20:30:27.670660","level":"info","event":"Filling up the DagBag from /opt/airflow/dags/project-spark/stock_market.py","logger":"airflow.models.dagbag.DagBag"}
{"timestamp":"2025-08-20T20:30:58.042972","level":"info","event":"Filling up the DagBag from /opt/airflow/dags/project-spark/stock_market.py","logger":"airflow.models.dagbag.DagBag"}
{"timestamp":"2025-08-20T20:31:28.448487","level":"info","event":"Filling up the DagBag from /opt/airflow/dags/project-spark/stock_market.py","logger":"airflow.models.dagbag.DagBag"}
{"timestamp":"2025-08-20T20:31:44.190855","level":"info","event":"Filling up the DagBag from /opt/airflow/dags/project-spark/stock_market.py","logger":"airflow.models.dagbag.DagBag"}
{"timestamp":"2025-08-20T20:32:14.663819","level":"info","event":"Filling up the DagBag from /opt/airflow/dags/project-spark/stock_market.py","logger":"airflow.models.dagbag.DagBag"}
{"timestamp":"2025-08-20T20:32:45.078201","level":"info","event":"Filling up the DagBag from /opt/airflow/dags/project-spark/stock_market.py","logger":"airflow.models.dagbag.DagBag"}
{"timestamp":"2025-08-20T20:33:15.439112","level":"info","event":"Filling up the DagBag from /opt/airflow/dags/project-spark/stock_market.py","logger":"airflow.models.dagbag.DagBag"}
{"timestamp":"2025-08-20T20:33:45.750782","level":"info","event":"Filling up the DagBag from /opt/airflow/dags/project-spark/stock_market.py","logger":"airflow.models.dagbag.DagBag"}
{"timestamp":"2025-08-20T20:34:16.086330","level":"info","event":"Filling up the DagBag from /opt/airflow/dags/project-spark/stock_market.py","logger":"airflow.models.dagbag.DagBag"}
{"timestamp":"2025-08-20T20:34:46.496250","level":"info","event":"Filling up the DagBag from /opt/airflow/dags/project-spark/stock_market.py","logger":"airflow.models.dagbag.DagBag"}
{"timestamp":"2025-08-20T20:35:16.813865","level":"info","event":"Filling up the DagBag from /opt/airflow/dags/project-spark/stock_market.py","logger":"airflow.models.dagbag.DagBag"}
{"timestamp":"2025-08-20T20:35:47.152006","level":"info","event":"Filling up the DagBag from /opt/airflow/dags/project-spark/stock_market.py","logger":"airflow.models.dagbag.DagBag"}
{"timestamp":"2025-08-20T20:36:17.586907","level":"info","event":"Filling up the DagBag from /opt/airflow/dags/project-spark/stock_market.py","logger":"airflow.models.dagbag.DagBag"}
{"timestamp":"2025-08-20T20:36:48.041650","level":"info","event":"Filling up the DagBag from /opt/airflow/dags/project-spark/stock_market.py","logger":"airflow.models.dagbag.DagBag"}
{"timestamp":"2025-08-20T20:37:18.498694","level":"info","event":"Filling up the DagBag from /opt/airflow/dags/project-spark/stock_market.py","logger":"airflow.models.dagbag.DagBag"}
{"timestamp":"2025-08-20T20:37:48.880353","level":"info","event":"Filling up the DagBag from /opt/airflow/dags/project-spark/stock_market.py","logger":"airflow.models.dagbag.DagBag"}
{"timestamp":"2025-08-20T20:37:58.137250","level":"info","event":"Filling up the DagBag from /opt/airflow/dags/project-spark/stock_market.py","logger":"airflow.models.dagbag.DagBag"}
{"timestamp":"2025-08-20T20:37:58.158156","level":"error","event":"Failed to import: /opt/airflow/dags/project-spark/stock_market.py","logger":"airflow.models.dagbag.DagBag","error_detail":[{"exc_type":"IndentationError","exc_value":"expected an indented block after 'if' statement on line 25 (stock_market.py, line 30)","exc_notes":[],"syntax_error":{"offset":0,"filename":"/opt/airflow/dags/project-spark/stock_market.py","line":"stock_market()","lineno":30,"msg":"expected an indented block after 'if' statement on line 25"},"is_cause":false,"frames":[{"filename":"/home/airflow/.local/lib/python3.12/site-packages/airflow/models/dagbag.py","lineno":384,"name":"parse"},{"filename":"<frozen importlib._bootstrap_external>","lineno":995,"name":"exec_module"},{"filename":"<frozen importlib._bootstrap_external>","lineno":1133,"name":"get_code"},{"filename":"<frozen importlib._bootstrap_external>","lineno":1063,"name":"source_to_code"},{"filename":"<frozen importlib._bootstrap>","lineno":488,"name":"_call_with_frames_removed"}]}]}
{"timestamp":"2025-08-20T20:38:11.379045","level":"info","event":"Filling up the DagBag from /opt/airflow/dags/project-spark/stock_market.py","logger":"airflow.models.dagbag.DagBag"}
{"timestamp":"2025-08-20T20:38:11.542660","level":"error","event":"Failed to import: /opt/airflow/dags/project-spark/stock_market.py","logger":"airflow.models.dagbag.DagBag","error_detail":[{"exc_type":"IndentationError","exc_value":"expected an indented block after 'if' statement on line 25 (stock_market.py, line 30)","exc_notes":[],"syntax_error":{"offset":0,"filename":"/opt/airflow/dags/project-spark/stock_market.py","line":"stock_market()","lineno":30,"msg":"expected an indented block after 'if' statement on line 25"},"is_cause":false,"frames":[{"filename":"/home/airflow/.local/lib/python3.12/site-packages/airflow/models/dagbag.py","lineno":384,"name":"parse"},{"filename":"<frozen importlib._bootstrap_external>","lineno":995,"name":"exec_module"},{"filename":"<frozen importlib._bootstrap_external>","lineno":1133,"name":"get_code"},{"filename":"<frozen importlib._bootstrap_external>","lineno":1063,"name":"source_to_code"},{"filename":"<frozen importlib._bootstrap>","lineno":488,"name":"_call_with_frames_removed"}]}]}
{"timestamp":"2025-08-20T20:38:41.939923","level":"info","event":"Filling up the DagBag from /opt/airflow/dags/project-spark/stock_market.py","logger":"airflow.models.dagbag.DagBag"}
{"timestamp":"2025-08-20T20:38:41.961172","level":"error","event":"Failed to import: /opt/airflow/dags/project-spark/stock_market.py","logger":"airflow.models.dagbag.DagBag","error_detail":[{"exc_type":"IndentationError","exc_value":"expected an indented block after 'if' statement on line 25 (stock_market.py, line 30)","exc_notes":[],"syntax_error":{"offset":0,"filename":"/opt/airflow/dags/project-spark/stock_market.py","line":"stock_market()","lineno":30,"msg":"expected an indented block after 'if' statement on line 25"},"is_cause":false,"frames":[{"filename":"/home/airflow/.local/lib/python3.12/site-packages/airflow/models/dagbag.py","lineno":384,"name":"parse"},{"filename":"<frozen importlib._bootstrap_external>","lineno":995,"name":"exec_module"},{"filename":"<frozen importlib._bootstrap_external>","lineno":1133,"name":"get_code"},{"filename":"<frozen importlib._bootstrap_external>","lineno":1063,"name":"source_to_code"},{"filename":"<frozen importlib._bootstrap>","lineno":488,"name":"_call_with_frames_removed"}]}]}
{"timestamp":"2025-08-20T20:39:01.463448","level":"info","event":"Filling up the DagBag from /opt/airflow/dags/project-spark/stock_market.py","logger":"airflow.models.dagbag.DagBag"}
{"timestamp":"2025-08-20T20:39:31.844959","level":"info","event":"Filling up the DagBag from /opt/airflow/dags/project-spark/stock_market.py","logger":"airflow.models.dagbag.DagBag"}
{"timestamp":"2025-08-20T20:40:02.336928","level":"info","event":"Filling up the DagBag from /opt/airflow/dags/project-spark/stock_market.py","logger":"airflow.models.dagbag.DagBag"}
{"timestamp":"2025-08-20T20:40:32.579245","level":"info","event":"Filling up the DagBag from /opt/airflow/dags/project-spark/stock_market.py","logger":"airflow.models.dagbag.DagBag"}
{"timestamp":"2025-08-20T20:41:02.894879","level":"info","event":"Filling up the DagBag from /opt/airflow/dags/project-spark/stock_market.py","logger":"airflow.models.dagbag.DagBag"}
{"timestamp":"2025-08-20T20:41:33.300771","level":"info","event":"Filling up the DagBag from /opt/airflow/dags/project-spark/stock_market.py","logger":"airflow.models.dagbag.DagBag"}
{"timestamp":"2025-08-20T20:42:03.642946","level":"info","event":"Filling up the DagBag from /opt/airflow/dags/project-spark/stock_market.py","logger":"airflow.models.dagbag.DagBag"}
{"timestamp":"2025-08-20T20:42:34.169715","level":"info","event":"Filling up the DagBag from /opt/airflow/dags/project-spark/stock_market.py","logger":"airflow.models.dagbag.DagBag"}
{"timestamp":"2025-08-20T20:43:04.977242","level":"info","event":"Filling up the DagBag from /opt/airflow/dags/project-spark/stock_market.py","logger":"airflow.models.dagbag.DagBag"}
{"timestamp":"2025-08-20T20:43:35.386912","level":"info","event":"Filling up the DagBag from /opt/airflow/dags/project-spark/stock_market.py","logger":"airflow.models.dagbag.DagBag"}
{"timestamp":"2025-08-20T20:44:05.811060","level":"info","event":"Filling up the DagBag from /opt/airflow/dags/project-spark/stock_market.py","logger":"airflow.models.dagbag.DagBag"}
{"timestamp":"2025-08-20T20:44:31.981510","level":"info","event":"Filling up the DagBag from /opt/airflow/dags/project-spark/stock_market.py","logger":"airflow.models.dagbag.DagBag"}
{"timestamp":"2025-08-20T20:44:32.002741","level":"error","event":"Failed to import: /opt/airflow/dags/project-spark/stock_market.py","logger":"airflow.models.dagbag.DagBag","error_detail":[{"exc_type":"SyntaxError","exc_value":"invalid syntax (stock_market.py, line 28)","exc_notes":[],"syntax_error":{"offset":9,"filename":"/opt/airflow/dags/project-spark/stock_market.py","line":"    def \n","lineno":28,"msg":"invalid syntax"},"is_cause":false,"frames":[{"filename":"/home/airflow/.local/lib/python3.12/site-packages/airflow/models/dagbag.py","lineno":384,"name":"parse"},{"filename":"<frozen importlib._bootstrap_external>","lineno":995,"name":"exec_module"},{"filename":"<frozen importlib._bootstrap_external>","lineno":1133,"name":"get_code"},{"filename":"<frozen importlib._bootstrap_external>","lineno":1063,"name":"source_to_code"},{"filename":"<frozen importlib._bootstrap>","lineno":488,"name":"_call_with_frames_removed"}]}]}
{"timestamp":"2025-08-20T20:45:02.379354","level":"info","event":"Filling up the DagBag from /opt/airflow/dags/project-spark/stock_market.py","logger":"airflow.models.dagbag.DagBag"}
{"timestamp":"2025-08-20T20:45:02.398648","level":"error","event":"Failed to import: /opt/airflow/dags/project-spark/stock_market.py","logger":"airflow.models.dagbag.DagBag","error_detail":[{"exc_type":"SyntaxError","exc_value":"invalid syntax (stock_market.py, line 28)","exc_notes":[],"syntax_error":{"offset":9,"filename":"/opt/airflow/dags/project-spark/stock_market.py","line":"    def \n","lineno":28,"msg":"invalid syntax"},"is_cause":false,"frames":[{"filename":"/home/airflow/.local/lib/python3.12/site-packages/airflow/models/dagbag.py","lineno":384,"name":"parse"},{"filename":"<frozen importlib._bootstrap_external>","lineno":995,"name":"exec_module"},{"filename":"<frozen importlib._bootstrap_external>","lineno":1133,"name":"get_code"},{"filename":"<frozen importlib._bootstrap_external>","lineno":1063,"name":"source_to_code"},{"filename":"<frozen importlib._bootstrap>","lineno":488,"name":"_call_with_frames_removed"}]}]}
{"timestamp":"2025-08-20T20:45:13.549052","level":"info","event":"Filling up the DagBag from /opt/airflow/dags/project-spark/stock_market.py","logger":"airflow.models.dagbag.DagBag"}
{"timestamp":"2025-08-20T20:45:43.932357","level":"info","event":"Filling up the DagBag from /opt/airflow/dags/project-spark/stock_market.py","logger":"airflow.models.dagbag.DagBag"}
{"timestamp":"2025-08-20T20:46:14.284177","level":"info","event":"Filling up the DagBag from /opt/airflow/dags/project-spark/stock_market.py","logger":"airflow.models.dagbag.DagBag"}
{"timestamp":"2025-08-20T20:46:29.679964","level":"info","event":"Filling up the DagBag from /opt/airflow/dags/project-spark/stock_market.py","logger":"airflow.models.dagbag.DagBag"}
{"timestamp":"2025-08-20T20:46:29.716674","level":"error","event":"Failed to import: /opt/airflow/dags/project-spark/stock_market.py","logger":"airflow.models.dagbag.DagBag","error_detail":[{"exc_type":"TypeError","exc_value":"missing keyword argument 'python_callable'","exc_notes":[],"syntax_error":null,"is_cause":false,"frames":[{"filename":"/home/airflow/.local/lib/python3.12/site-packages/airflow/models/dagbag.py","lineno":384,"name":"parse"},{"filename":"<frozen importlib._bootstrap_external>","lineno":999,"name":"exec_module"},{"filename":"<frozen importlib._bootstrap>","lineno":488,"name":"_call_with_frames_removed"},{"filename":"/opt/airflow/dags/project-spark/stock_market.py","lineno":34,"name":"<module>"},{"filename":"/home/airflow/.local/lib/python3.12/site-packages/airflow/sdk/definitions/dag.py","lineno":1138,"name":"factory"},{"filename":"/opt/airflow/dags/project-spark/stock_market.py","lineno":28,"name":"stock_market"},{"filename":"/home/airflow/.local/lib/python3.12/site-packages/airflow/sdk/bases/operator.py","lineno":496,"name":"apply_defaults"}]}]}
{"timestamp":"2025-08-20T20:46:54.334762","level":"info","event":"Filling up the DagBag from /opt/airflow/dags/project-spark/stock_market.py","logger":"airflow.models.dagbag.DagBag"}
{"timestamp":"2025-08-20T20:46:54.384042","level":"error","event":"Failed to import: /opt/airflow/dags/project-spark/stock_market.py","logger":"airflow.models.dagbag.DagBag","error_detail":[{"exc_type":"TypeError","exc_value":"missing keyword argument 'python_callable'","exc_notes":[],"syntax_error":null,"is_cause":false,"frames":[{"filename":"/home/airflow/.local/lib/python3.12/site-packages/airflow/models/dagbag.py","lineno":384,"name":"parse"},{"filename":"<frozen importlib._bootstrap_external>","lineno":999,"name":"exec_module"},{"filename":"<frozen importlib._bootstrap>","lineno":488,"name":"_call_with_frames_removed"},{"filename":"/opt/airflow/dags/project-spark/stock_market.py","lineno":34,"name":"<module>"},{"filename":"/home/airflow/.local/lib/python3.12/site-packages/airflow/sdk/definitions/dag.py","lineno":1138,"name":"factory"},{"filename":"/opt/airflow/dags/project-spark/stock_market.py","lineno":28,"name":"stock_market"},{"filename":"/home/airflow/.local/lib/python3.12/site-packages/airflow/sdk/bases/operator.py","lineno":496,"name":"apply_defaults"}]}]}
{"timestamp":"2025-08-20T20:47:24.825154","level":"info","event":"Filling up the DagBag from /opt/airflow/dags/project-spark/stock_market.py","logger":"airflow.models.dagbag.DagBag"}
{"timestamp":"2025-08-20T20:47:24.849420","level":"error","event":"Failed to import: /opt/airflow/dags/project-spark/stock_market.py","logger":"airflow.models.dagbag.DagBag","error_detail":[{"exc_type":"TypeError","exc_value":"missing keyword argument 'python_callable'","exc_notes":[],"syntax_error":null,"is_cause":false,"frames":[{"filename":"/home/airflow/.local/lib/python3.12/site-packages/airflow/models/dagbag.py","lineno":384,"name":"parse"},{"filename":"<frozen importlib._bootstrap_external>","lineno":999,"name":"exec_module"},{"filename":"<frozen importlib._bootstrap>","lineno":488,"name":"_call_with_frames_removed"},{"filename":"/opt/airflow/dags/project-spark/stock_market.py","lineno":34,"name":"<module>"},{"filename":"/home/airflow/.local/lib/python3.12/site-packages/airflow/sdk/definitions/dag.py","lineno":1138,"name":"factory"},{"filename":"/opt/airflow/dags/project-spark/stock_market.py","lineno":28,"name":"stock_market"},{"filename":"/home/airflow/.local/lib/python3.12/site-packages/airflow/sdk/bases/operator.py","lineno":496,"name":"apply_defaults"}]}]}
{"timestamp":"2025-08-20T20:47:35.090340","level":"info","event":"Filling up the DagBag from /opt/airflow/dags/project-spark/stock_market.py","logger":"airflow.models.dagbag.DagBag"}
{"timestamp":"2025-08-20T20:47:35.129290","level":"error","event":"Failed to import: /opt/airflow/dags/project-spark/stock_market.py","logger":"airflow.models.dagbag.DagBag","error_detail":[{"exc_type":"TypeError","exc_value":"missing keyword argument 'python_callable'","exc_notes":[],"syntax_error":null,"is_cause":false,"frames":[{"filename":"/home/airflow/.local/lib/python3.12/site-packages/airflow/models/dagbag.py","lineno":384,"name":"parse"},{"filename":"<frozen importlib._bootstrap_external>","lineno":999,"name":"exec_module"},{"filename":"<frozen importlib._bootstrap>","lineno":488,"name":"_call_with_frames_removed"},{"filename":"/opt/airflow/dags/project-spark/stock_market.py","lineno":34,"name":"<module>"},{"filename":"/home/airflow/.local/lib/python3.12/site-packages/airflow/sdk/definitions/dag.py","lineno":1138,"name":"factory"},{"filename":"/opt/airflow/dags/project-spark/stock_market.py","lineno":28,"name":"stock_market"},{"filename":"/home/airflow/.local/lib/python3.12/site-packages/airflow/sdk/bases/operator.py","lineno":496,"name":"apply_defaults"}]}]}
{"timestamp":"2025-08-20T20:48:05.551085","level":"info","event":"Filling up the DagBag from /opt/airflow/dags/project-spark/stock_market.py","logger":"airflow.models.dagbag.DagBag"}
{"timestamp":"2025-08-20T20:48:05.574926","level":"error","event":"Failed to import: /opt/airflow/dags/project-spark/stock_market.py","logger":"airflow.models.dagbag.DagBag","error_detail":[{"exc_type":"TypeError","exc_value":"missing keyword argument 'python_callable'","exc_notes":[],"syntax_error":null,"is_cause":false,"frames":[{"filename":"/home/airflow/.local/lib/python3.12/site-packages/airflow/models/dagbag.py","lineno":384,"name":"parse"},{"filename":"<frozen importlib._bootstrap_external>","lineno":999,"name":"exec_module"},{"filename":"<frozen importlib._bootstrap>","lineno":488,"name":"_call_with_frames_removed"},{"filename":"/opt/airflow/dags/project-spark/stock_market.py","lineno":34,"name":"<module>"},{"filename":"/home/airflow/.local/lib/python3.12/site-packages/airflow/sdk/definitions/dag.py","lineno":1138,"name":"factory"},{"filename":"/opt/airflow/dags/project-spark/stock_market.py","lineno":28,"name":"stock_market"},{"filename":"/home/airflow/.local/lib/python3.12/site-packages/airflow/sdk/bases/operator.py","lineno":496,"name":"apply_defaults"}]}]}
{"timestamp":"2025-08-20T20:48:16.756983","level":"info","event":"Filling up the DagBag from /opt/airflow/dags/project-spark/stock_market.py","logger":"airflow.models.dagbag.DagBag"}
{"timestamp":"2025-08-20T20:48:16.794704","level":"error","event":"Failed to import: /opt/airflow/dags/project-spark/stock_market.py","logger":"airflow.models.dagbag.DagBag","error_detail":[{"exc_type":"NameError","exc_value":"name '_get_stock_prices' is not defined","exc_notes":[],"syntax_error":null,"is_cause":false,"frames":[{"filename":"/home/airflow/.local/lib/python3.12/site-packages/airflow/models/dagbag.py","lineno":384,"name":"parse"},{"filename":"<frozen importlib._bootstrap_external>","lineno":999,"name":"exec_module"},{"filename":"<frozen importlib._bootstrap>","lineno":488,"name":"_call_with_frames_removed"},{"filename":"/opt/airflow/dags/project-spark/stock_market.py","lineno":35,"name":"<module>"},{"filename":"/home/airflow/.local/lib/python3.12/site-packages/airflow/sdk/definitions/dag.py","lineno":1138,"name":"factory"},{"filename":"/opt/airflow/dags/project-spark/stock_market.py","lineno":30,"name":"stock_market"}]}]}
{"timestamp":"2025-08-20T20:48:47.182971","level":"info","event":"Filling up the DagBag from /opt/airflow/dags/project-spark/stock_market.py","logger":"airflow.models.dagbag.DagBag"}
{"timestamp":"2025-08-20T20:48:47.208722","level":"error","event":"Failed to import: /opt/airflow/dags/project-spark/stock_market.py","logger":"airflow.models.dagbag.DagBag","error_detail":[{"exc_type":"NameError","exc_value":"name '_get_stock_prices' is not defined","exc_notes":[],"syntax_error":null,"is_cause":false,"frames":[{"filename":"/home/airflow/.local/lib/python3.12/site-packages/airflow/models/dagbag.py","lineno":384,"name":"parse"},{"filename":"<frozen importlib._bootstrap_external>","lineno":999,"name":"exec_module"},{"filename":"<frozen importlib._bootstrap>","lineno":488,"name":"_call_with_frames_removed"},{"filename":"/opt/airflow/dags/project-spark/stock_market.py","lineno":35,"name":"<module>"},{"filename":"/home/airflow/.local/lib/python3.12/site-packages/airflow/sdk/definitions/dag.py","lineno":1138,"name":"factory"},{"filename":"/opt/airflow/dags/project-spark/stock_market.py","lineno":30,"name":"stock_market"}]}]}
{"timestamp":"2025-08-20T20:49:17.545693","level":"info","event":"Filling up the DagBag from /opt/airflow/dags/project-spark/stock_market.py","logger":"airflow.models.dagbag.DagBag"}
{"timestamp":"2025-08-20T20:49:17.569445","level":"error","event":"Failed to import: /opt/airflow/dags/project-spark/stock_market.py","logger":"airflow.models.dagbag.DagBag","error_detail":[{"exc_type":"NameError","exc_value":"name '_get_stock_prices' is not defined","exc_notes":[],"syntax_error":null,"is_cause":false,"frames":[{"filename":"/home/airflow/.local/lib/python3.12/site-packages/airflow/models/dagbag.py","lineno":384,"name":"parse"},{"filename":"<frozen importlib._bootstrap_external>","lineno":999,"name":"exec_module"},{"filename":"<frozen importlib._bootstrap>","lineno":488,"name":"_call_with_frames_removed"},{"filename":"/opt/airflow/dags/project-spark/stock_market.py","lineno":35,"name":"<module>"},{"filename":"/home/airflow/.local/lib/python3.12/site-packages/airflow/sdk/definitions/dag.py","lineno":1138,"name":"factory"},{"filename":"/opt/airflow/dags/project-spark/stock_market.py","lineno":30,"name":"stock_market"}]}]}
{"timestamp":"2025-08-20T20:49:47.853718","level":"info","event":"Filling up the DagBag from /opt/airflow/dags/project-spark/stock_market.py","logger":"airflow.models.dagbag.DagBag"}
{"timestamp":"2025-08-20T20:49:47.877890","level":"error","event":"Failed to import: /opt/airflow/dags/project-spark/stock_market.py","logger":"airflow.models.dagbag.DagBag","error_detail":[{"exc_type":"NameError","exc_value":"name '_get_stock_prices' is not defined","exc_notes":[],"syntax_error":null,"is_cause":false,"frames":[{"filename":"/home/airflow/.local/lib/python3.12/site-packages/airflow/models/dagbag.py","lineno":384,"name":"parse"},{"filename":"<frozen importlib._bootstrap_external>","lineno":999,"name":"exec_module"},{"filename":"<frozen importlib._bootstrap>","lineno":488,"name":"_call_with_frames_removed"},{"filename":"/opt/airflow/dags/project-spark/stock_market.py","lineno":35,"name":"<module>"},{"filename":"/home/airflow/.local/lib/python3.12/site-packages/airflow/sdk/definitions/dag.py","lineno":1138,"name":"factory"},{"filename":"/opt/airflow/dags/project-spark/stock_market.py","lineno":30,"name":"stock_market"}]}]}
{"timestamp":"2025-08-20T20:49:57.127136","level":"info","event":"Filling up the DagBag from /opt/airflow/dags/project-spark/stock_market.py","logger":"airflow.models.dagbag.DagBag"}
{"timestamp":"2025-08-20T20:49:57.145977","level":"error","event":"Failed to import: /opt/airflow/dags/project-spark/stock_market.py","logger":"airflow.models.dagbag.DagBag","error_detail":[{"exc_type":"SyntaxError","exc_value":"expected '(' (stock_market.py, line 7)","exc_notes":[],"syntax_error":{"offset":16,"filename":"/opt/airflow/dags/project-spark/stock_market.py","line":"def _get_stock_\n","lineno":7,"msg":"expected '('"},"is_cause":false,"frames":[{"filename":"/home/airflow/.local/lib/python3.12/site-packages/airflow/models/dagbag.py","lineno":384,"name":"parse"},{"filename":"<frozen importlib._bootstrap_external>","lineno":995,"name":"exec_module"},{"filename":"<frozen importlib._bootstrap_external>","lineno":1133,"name":"get_code"},{"filename":"<frozen importlib._bootstrap_external>","lineno":1063,"name":"source_to_code"},{"filename":"<frozen importlib._bootstrap>","lineno":488,"name":"_call_with_frames_removed"}]}]}
{"timestamp":"2025-08-20T20:50:10.450601","level":"info","event":"Filling up the DagBag from /opt/airflow/dags/project-spark/stock_market.py","logger":"airflow.models.dagbag.DagBag"}
{"timestamp":"2025-08-20T20:50:40.742582","level":"info","event":"Filling up the DagBag from /opt/airflow/dags/project-spark/stock_market.py","logger":"airflow.models.dagbag.DagBag"}
{"timestamp":"2025-08-20T20:51:11.008625","level":"info","event":"Filling up the DagBag from /opt/airflow/dags/project-spark/stock_market.py","logger":"airflow.models.dagbag.DagBag"}
{"timestamp":"2025-08-20T20:51:41.252871","level":"info","event":"Filling up the DagBag from /opt/airflow/dags/project-spark/stock_market.py","logger":"airflow.models.dagbag.DagBag"}
{"timestamp":"2025-08-20T20:52:11.615320","level":"info","event":"Filling up the DagBag from /opt/airflow/dags/project-spark/stock_market.py","logger":"airflow.models.dagbag.DagBag"}
{"timestamp":"2025-08-20T20:52:41.968827","level":"info","event":"Filling up the DagBag from /opt/airflow/dags/project-spark/stock_market.py","logger":"airflow.models.dagbag.DagBag"}
{"timestamp":"2025-08-20T20:53:12.279064","level":"info","event":"Filling up the DagBag from /opt/airflow/dags/project-spark/stock_market.py","logger":"airflow.models.dagbag.DagBag"}
{"timestamp":"2025-08-20T20:53:42.588259","level":"info","event":"Filling up the DagBag from /opt/airflow/dags/project-spark/stock_market.py","logger":"airflow.models.dagbag.DagBag"}
{"timestamp":"2025-08-20T20:54:12.843398","level":"info","event":"Filling up the DagBag from /opt/airflow/dags/project-spark/stock_market.py","logger":"airflow.models.dagbag.DagBag"}
{"timestamp":"2025-08-20T20:54:43.196379","level":"info","event":"Filling up the DagBag from /opt/airflow/dags/project-spark/stock_market.py","logger":"airflow.models.dagbag.DagBag"}
{"timestamp":"2025-08-20T20:55:13.476333","level":"info","event":"Filling up the DagBag from /opt/airflow/dags/project-spark/stock_market.py","logger":"airflow.models.dagbag.DagBag"}
{"timestamp":"2025-08-20T20:55:43.848319","level":"info","event":"Filling up the DagBag from /opt/airflow/dags/project-spark/stock_market.py","logger":"airflow.models.dagbag.DagBag"}
{"timestamp":"2025-08-20T20:56:14.080559","level":"info","event":"Filling up the DagBag from /opt/airflow/dags/project-spark/stock_market.py","logger":"airflow.models.dagbag.DagBag"}
{"timestamp":"2025-08-20T20:56:44.345431","level":"info","event":"Filling up the DagBag from /opt/airflow/dags/project-spark/stock_market.py","logger":"airflow.models.dagbag.DagBag"}
{"timestamp":"2025-08-20T20:57:14.578050","level":"info","event":"Filling up the DagBag from /opt/airflow/dags/project-spark/stock_market.py","logger":"airflow.models.dagbag.DagBag"}
{"timestamp":"2025-08-20T20:57:44.837989","level":"info","event":"Filling up the DagBag from /opt/airflow/dags/project-spark/stock_market.py","logger":"airflow.models.dagbag.DagBag"}
{"timestamp":"2025-08-20T20:58:15.112048","level":"info","event":"Filling up the DagBag from /opt/airflow/dags/project-spark/stock_market.py","logger":"airflow.models.dagbag.DagBag"}
{"timestamp":"2025-08-20T20:58:45.383012","level":"info","event":"Filling up the DagBag from /opt/airflow/dags/project-spark/stock_market.py","logger":"airflow.models.dagbag.DagBag"}
{"timestamp":"2025-08-20T20:59:15.638445","level":"info","event":"Filling up the DagBag from /opt/airflow/dags/project-spark/stock_market.py","logger":"airflow.models.dagbag.DagBag"}
{"timestamp":"2025-08-20T20:59:45.885167","level":"info","event":"Filling up the DagBag from /opt/airflow/dags/project-spark/stock_market.py","logger":"airflow.models.dagbag.DagBag"}
{"timestamp":"2025-08-20T21:00:16.105463","level":"info","event":"Filling up the DagBag from /opt/airflow/dags/project-spark/stock_market.py","logger":"airflow.models.dagbag.DagBag"}
{"timestamp":"2025-08-20T21:00:46.348169","level":"info","event":"Filling up the DagBag from /opt/airflow/dags/project-spark/stock_market.py","logger":"airflow.models.dagbag.DagBag"}
{"timestamp":"2025-08-20T21:01:16.575545","level":"info","event":"Filling up the DagBag from /opt/airflow/dags/project-spark/stock_market.py","logger":"airflow.models.dagbag.DagBag"}
{"timestamp":"2025-08-20T21:01:46.772776","level":"info","event":"Filling up the DagBag from /opt/airflow/dags/project-spark/stock_market.py","logger":"airflow.models.dagbag.DagBag"}
{"timestamp":"2025-08-20T21:02:17.049277","level":"info","event":"Filling up the DagBag from /opt/airflow/dags/project-spark/stock_market.py","logger":"airflow.models.dagbag.DagBag"}
{"timestamp":"2025-08-20T21:02:47.268510","level":"info","event":"Filling up the DagBag from /opt/airflow/dags/project-spark/stock_market.py","logger":"airflow.models.dagbag.DagBag"}
{"timestamp":"2025-08-20T21:03:17.589468","level":"info","event":"Filling up the DagBag from /opt/airflow/dags/project-spark/stock_market.py","logger":"airflow.models.dagbag.DagBag"}
{"timestamp":"2025-08-20T21:03:47.873033","level":"info","event":"Filling up the DagBag from /opt/airflow/dags/project-spark/stock_market.py","logger":"airflow.models.dagbag.DagBag"}
{"timestamp":"2025-08-20T21:04:18.098074","level":"info","event":"Filling up the DagBag from /opt/airflow/dags/project-spark/stock_market.py","logger":"airflow.models.dagbag.DagBag"}
{"timestamp":"2025-08-20T21:04:48.553762","level":"info","event":"Filling up the DagBag from /opt/airflow/dags/project-spark/stock_market.py","logger":"airflow.models.dagbag.DagBag"}
{"timestamp":"2025-08-20T21:05:18.768986","level":"info","event":"Filling up the DagBag from /opt/airflow/dags/project-spark/stock_market.py","logger":"airflow.models.dagbag.DagBag"}
{"timestamp":"2025-08-20T21:05:48.920519","level":"info","event":"Filling up the DagBag from /opt/airflow/dags/project-spark/stock_market.py","logger":"airflow.models.dagbag.DagBag"}
{"timestamp":"2025-08-20T21:06:19.195417","level":"info","event":"Filling up the DagBag from /opt/airflow/dags/project-spark/stock_market.py","logger":"airflow.models.dagbag.DagBag"}
{"timestamp":"2025-08-20T21:06:49.415283","level":"info","event":"Filling up the DagBag from /opt/airflow/dags/project-spark/stock_market.py","logger":"airflow.models.dagbag.DagBag"}
{"timestamp":"2025-08-20T21:07:19.629686","level":"info","event":"Filling up the DagBag from /opt/airflow/dags/project-spark/stock_market.py","logger":"airflow.models.dagbag.DagBag"}
{"timestamp":"2025-08-20T21:07:49.867970","level":"info","event":"Filling up the DagBag from /opt/airflow/dags/project-spark/stock_market.py","logger":"airflow.models.dagbag.DagBag"}
{"timestamp":"2025-08-20T21:08:20.091460","level":"info","event":"Filling up the DagBag from /opt/airflow/dags/project-spark/stock_market.py","logger":"airflow.models.dagbag.DagBag"}
{"timestamp":"2025-08-20T21:08:50.371587","level":"info","event":"Filling up the DagBag from /opt/airflow/dags/project-spark/stock_market.py","logger":"airflow.models.dagbag.DagBag"}
{"timestamp":"2025-08-20T21:09:20.602131","level":"info","event":"Filling up the DagBag from /opt/airflow/dags/project-spark/stock_market.py","logger":"airflow.models.dagbag.DagBag"}
{"timestamp":"2025-08-20T21:09:50.842725","level":"info","event":"Filling up the DagBag from /opt/airflow/dags/project-spark/stock_market.py","logger":"airflow.models.dagbag.DagBag"}
{"timestamp":"2025-08-20T21:10:21.059660","level":"info","event":"Filling up the DagBag from /opt/airflow/dags/project-spark/stock_market.py","logger":"airflow.models.dagbag.DagBag"}
{"timestamp":"2025-08-20T21:10:51.257274","level":"info","event":"Filling up the DagBag from /opt/airflow/dags/project-spark/stock_market.py","logger":"airflow.models.dagbag.DagBag"}
{"timestamp":"2025-08-20T21:11:21.480846","level":"info","event":"Filling up the DagBag from /opt/airflow/dags/project-spark/stock_market.py","logger":"airflow.models.dagbag.DagBag"}
{"timestamp":"2025-08-20T21:11:51.713968","level":"info","event":"Filling up the DagBag from /opt/airflow/dags/project-spark/stock_market.py","logger":"airflow.models.dagbag.DagBag"}
{"timestamp":"2025-08-20T21:12:21.964040","level":"info","event":"Filling up the DagBag from /opt/airflow/dags/project-spark/stock_market.py","logger":"airflow.models.dagbag.DagBag"}
{"timestamp":"2025-08-20T21:12:52.200418","level":"info","event":"Filling up the DagBag from /opt/airflow/dags/project-spark/stock_market.py","logger":"airflow.models.dagbag.DagBag"}
{"timestamp":"2025-08-20T21:13:22.443031","level":"info","event":"Filling up the DagBag from /opt/airflow/dags/project-spark/stock_market.py","logger":"airflow.models.dagbag.DagBag"}
{"timestamp":"2025-08-20T21:13:53.011469","level":"info","event":"Filling up the DagBag from /opt/airflow/dags/project-spark/stock_market.py","logger":"airflow.models.dagbag.DagBag"}
{"timestamp":"2025-08-20T21:14:23.378499","level":"info","event":"Filling up the DagBag from /opt/airflow/dags/project-spark/stock_market.py","logger":"airflow.models.dagbag.DagBag"}
{"timestamp":"2025-08-20T21:14:53.836538","level":"info","event":"Filling up the DagBag from /opt/airflow/dags/project-spark/stock_market.py","logger":"airflow.models.dagbag.DagBag"}
{"timestamp":"2025-08-20T21:15:14.972704","level":"info","event":"Filling up the DagBag from /opt/airflow/dags/project-spark/stock_market.py","logger":"airflow.models.dagbag.DagBag"}
{"timestamp":"2025-08-20T21:15:45.478929","level":"info","event":"Filling up the DagBag from /opt/airflow/dags/project-spark/stock_market.py","logger":"airflow.models.dagbag.DagBag"}
{"timestamp":"2025-08-20T21:16:07.763739","level":"info","event":"Filling up the DagBag from /opt/airflow/dags/project-spark/stock_market.py","logger":"airflow.models.dagbag.DagBag"}
{"timestamp":"2025-08-20T21:16:38.188754","level":"info","event":"Filling up the DagBag from /opt/airflow/dags/project-spark/stock_market.py","logger":"airflow.models.dagbag.DagBag"}
{"timestamp":"2025-08-20T21:17:08.582187","level":"info","event":"Filling up the DagBag from /opt/airflow/dags/project-spark/stock_market.py","logger":"airflow.models.dagbag.DagBag"}
{"timestamp":"2025-08-20T21:17:18.847129","level":"info","event":"Filling up the DagBag from /opt/airflow/dags/project-spark/stock_market.py","logger":"airflow.models.dagbag.DagBag"}
{"timestamp":"2025-08-20T21:17:49.353074","level":"info","event":"Filling up the DagBag from /opt/airflow/dags/project-spark/stock_market.py","logger":"airflow.models.dagbag.DagBag"}
{"timestamp":"2025-08-20T21:18:19.827386","level":"info","event":"Filling up the DagBag from /opt/airflow/dags/project-spark/stock_market.py","logger":"airflow.models.dagbag.DagBag"}
{"timestamp":"2025-08-20T21:18:50.294094","level":"info","event":"Filling up the DagBag from /opt/airflow/dags/project-spark/stock_market.py","logger":"airflow.models.dagbag.DagBag"}
{"timestamp":"2025-08-20T21:19:10.576714","level":"info","event":"Filling up the DagBag from /opt/airflow/dags/project-spark/stock_market.py","logger":"airflow.models.dagbag.DagBag"}
{"timestamp":"2025-08-20T21:19:40.986595","level":"info","event":"Filling up the DagBag from /opt/airflow/dags/project-spark/stock_market.py","logger":"airflow.models.dagbag.DagBag"}
{"timestamp":"2025-08-20T21:20:11.390266","level":"info","event":"Filling up the DagBag from /opt/airflow/dags/project-spark/stock_market.py","logger":"airflow.models.dagbag.DagBag"}
{"timestamp":"2025-08-20T21:20:41.938835","level":"info","event":"Filling up the DagBag from /opt/airflow/dags/project-spark/stock_market.py","logger":"airflow.models.dagbag.DagBag"}
{"timestamp":"2025-08-20T21:21:12.267139","level":"info","event":"Filling up the DagBag from /opt/airflow/dags/project-spark/stock_market.py","logger":"airflow.models.dagbag.DagBag"}
{"timestamp":"2025-08-20T21:21:42.582162","level":"info","event":"Filling up the DagBag from /opt/airflow/dags/project-spark/stock_market.py","logger":"airflow.models.dagbag.DagBag"}
{"timestamp":"2025-08-20T21:22:12.922171","level":"info","event":"Filling up the DagBag from /opt/airflow/dags/project-spark/stock_market.py","logger":"airflow.models.dagbag.DagBag"}
{"timestamp":"2025-08-20T21:22:43.343927","level":"info","event":"Filling up the DagBag from /opt/airflow/dags/project-spark/stock_market.py","logger":"airflow.models.dagbag.DagBag"}
{"timestamp":"2025-08-20T21:23:12.704562","level":"info","event":"Filling up the DagBag from /opt/airflow/dags/project-spark/stock_market.py","logger":"airflow.models.dagbag.DagBag"}
{"timestamp":"2025-08-20T21:23:34.583756","level":"info","event":"Filling up the DagBag from /opt/airflow/dags/project-spark/stock_market.py","logger":"airflow.models.dagbag.DagBag"}
{"timestamp":"2025-08-20T21:24:05.002637","level":"info","event":"Filling up the DagBag from /opt/airflow/dags/project-spark/stock_market.py","logger":"airflow.models.dagbag.DagBag"}
{"timestamp":"2025-08-20T21:24:35.297817","level":"info","event":"Filling up the DagBag from /opt/airflow/dags/project-spark/stock_market.py","logger":"airflow.models.dagbag.DagBag"}
{"timestamp":"2025-08-20T21:24:44.022646","level":"info","event":"Filling up the DagBag from /opt/airflow/dags/project-spark/stock_market.py","logger":"airflow.models.dagbag.DagBag"}
{"timestamp":"2025-08-20T21:25:14.566435","level":"info","event":"Filling up the DagBag from /opt/airflow/dags/project-spark/stock_market.py","logger":"airflow.models.dagbag.DagBag"}
{"timestamp":"2025-08-20T21:25:45.076008","level":"info","event":"Filling up the DagBag from /opt/airflow/dags/project-spark/stock_market.py","logger":"airflow.models.dagbag.DagBag"}
{"timestamp":"2025-08-20T21:25:48.247112","level":"info","event":"Filling up the DagBag from /opt/airflow/dags/project-spark/stock_market.py","logger":"airflow.models.dagbag.DagBag"}
{"timestamp":"2025-08-20T21:26:18.655665","level":"info","event":"Filling up the DagBag from /opt/airflow/dags/project-spark/stock_market.py","logger":"airflow.models.dagbag.DagBag"}
{"timestamp":"2025-08-20T21:26:49.032926","level":"info","event":"Filling up the DagBag from /opt/airflow/dags/project-spark/stock_market.py","logger":"airflow.models.dagbag.DagBag"}
{"timestamp":"2025-08-20T21:27:19.611485","level":"info","event":"Filling up the DagBag from /opt/airflow/dags/project-spark/stock_market.py","logger":"airflow.models.dagbag.DagBag"}
{"timestamp":"2025-08-20T21:27:50.008032","level":"info","event":"Filling up the DagBag from /opt/airflow/dags/project-spark/stock_market.py","logger":"airflow.models.dagbag.DagBag"}
{"timestamp":"2025-08-20T21:28:20.401095","level":"info","event":"Filling up the DagBag from /opt/airflow/dags/project-spark/stock_market.py","logger":"airflow.models.dagbag.DagBag"}
{"timestamp":"2025-08-20T21:28:45.784140","level":"info","event":"Filling up the DagBag from /opt/airflow/dags/project-spark/stock_market.py","logger":"airflow.models.dagbag.DagBag"}
{"timestamp":"2025-08-20T21:29:16.155575","level":"info","event":"Filling up the DagBag from /opt/airflow/dags/project-spark/stock_market.py","logger":"airflow.models.dagbag.DagBag"}
{"timestamp":"2025-08-20T21:29:46.497266","level":"info","event":"Filling up the DagBag from /opt/airflow/dags/project-spark/stock_market.py","logger":"airflow.models.dagbag.DagBag"}
{"timestamp":"2025-08-20T21:30:16.987043","level":"info","event":"Filling up the DagBag from /opt/airflow/dags/project-spark/stock_market.py","logger":"airflow.models.dagbag.DagBag"}
{"timestamp":"2025-08-20T21:30:47.399478","level":"info","event":"Filling up the DagBag from /opt/airflow/dags/project-spark/stock_market.py","logger":"airflow.models.dagbag.DagBag"}
{"timestamp":"2025-08-20T21:31:17.765034","level":"info","event":"Filling up the DagBag from /opt/airflow/dags/project-spark/stock_market.py","logger":"airflow.models.dagbag.DagBag"}
{"timestamp":"2025-08-20T21:31:48.055237","level":"info","event":"Filling up the DagBag from /opt/airflow/dags/project-spark/stock_market.py","logger":"airflow.models.dagbag.DagBag"}
{"timestamp":"2025-08-20T21:32:18.356299","level":"info","event":"Filling up the DagBag from /opt/airflow/dags/project-spark/stock_market.py","logger":"airflow.models.dagbag.DagBag"}
{"timestamp":"2025-08-20T21:32:48.643311","level":"info","event":"Filling up the DagBag from /opt/airflow/dags/project-spark/stock_market.py","logger":"airflow.models.dagbag.DagBag"}
{"timestamp":"2025-08-20T21:33:18.923928","level":"info","event":"Filling up the DagBag from /opt/airflow/dags/project-spark/stock_market.py","logger":"airflow.models.dagbag.DagBag"}
{"timestamp":"2025-08-20T21:33:49.258642","level":"info","event":"Filling up the DagBag from /opt/airflow/dags/project-spark/stock_market.py","logger":"airflow.models.dagbag.DagBag"}
{"timestamp":"2025-08-20T21:34:19.593891","level":"info","event":"Filling up the DagBag from /opt/airflow/dags/project-spark/stock_market.py","logger":"airflow.models.dagbag.DagBag"}
{"timestamp":"2025-08-20T21:34:49.947543","level":"info","event":"Filling up the DagBag from /opt/airflow/dags/project-spark/stock_market.py","logger":"airflow.models.dagbag.DagBag"}
{"timestamp":"2025-08-20T21:35:20.307620","level":"info","event":"Filling up the DagBag from /opt/airflow/dags/project-spark/stock_market.py","logger":"airflow.models.dagbag.DagBag"}
{"timestamp":"2025-08-20T21:35:50.614312","level":"info","event":"Filling up the DagBag from /opt/airflow/dags/project-spark/stock_market.py","logger":"airflow.models.dagbag.DagBag"}
{"timestamp":"2025-08-20T21:36:20.957139","level":"info","event":"Filling up the DagBag from /opt/airflow/dags/project-spark/stock_market.py","logger":"airflow.models.dagbag.DagBag"}
{"timestamp":"2025-08-20T21:36:51.284851","level":"info","event":"Filling up the DagBag from /opt/airflow/dags/project-spark/stock_market.py","logger":"airflow.models.dagbag.DagBag"}
{"timestamp":"2025-08-20T21:37:21.539239","level":"info","event":"Filling up the DagBag from /opt/airflow/dags/project-spark/stock_market.py","logger":"airflow.models.dagbag.DagBag"}
{"timestamp":"2025-08-20T21:37:51.857886","level":"info","event":"Filling up the DagBag from /opt/airflow/dags/project-spark/stock_market.py","logger":"airflow.models.dagbag.DagBag"}
{"timestamp":"2025-08-20T21:38:22.123473","level":"info","event":"Filling up the DagBag from /opt/airflow/dags/project-spark/stock_market.py","logger":"airflow.models.dagbag.DagBag"}
{"timestamp":"2025-08-20T21:38:52.452191","level":"info","event":"Filling up the DagBag from /opt/airflow/dags/project-spark/stock_market.py","logger":"airflow.models.dagbag.DagBag"}
{"timestamp":"2025-08-20T21:39:22.776723","level":"info","event":"Filling up the DagBag from /opt/airflow/dags/project-spark/stock_market.py","logger":"airflow.models.dagbag.DagBag"}
{"timestamp":"2025-08-20T21:39:53.225741","level":"info","event":"Filling up the DagBag from /opt/airflow/dags/project-spark/stock_market.py","logger":"airflow.models.dagbag.DagBag"}
{"timestamp":"2025-08-20T21:40:23.581746","level":"info","event":"Filling up the DagBag from /opt/airflow/dags/project-spark/stock_market.py","logger":"airflow.models.dagbag.DagBag"}
{"timestamp":"2025-08-20T21:40:53.948663","level":"info","event":"Filling up the DagBag from /opt/airflow/dags/project-spark/stock_market.py","logger":"airflow.models.dagbag.DagBag"}
{"timestamp":"2025-08-20T21:41:24.290590","level":"info","event":"Filling up the DagBag from /opt/airflow/dags/project-spark/stock_market.py","logger":"airflow.models.dagbag.DagBag"}
{"timestamp":"2025-08-20T21:41:54.607942","level":"info","event":"Filling up the DagBag from /opt/airflow/dags/project-spark/stock_market.py","logger":"airflow.models.dagbag.DagBag"}
{"timestamp":"2025-08-20T21:42:24.941881","level":"info","event":"Filling up the DagBag from /opt/airflow/dags/project-spark/stock_market.py","logger":"airflow.models.dagbag.DagBag"}
{"timestamp":"2025-08-20T21:42:55.267862","level":"info","event":"Filling up the DagBag from /opt/airflow/dags/project-spark/stock_market.py","logger":"airflow.models.dagbag.DagBag"}
{"timestamp":"2025-08-20T21:43:25.542760","level":"info","event":"Filling up the DagBag from /opt/airflow/dags/project-spark/stock_market.py","logger":"airflow.models.dagbag.DagBag"}
{"timestamp":"2025-08-20T21:43:55.832637","level":"info","event":"Filling up the DagBag from /opt/airflow/dags/project-spark/stock_market.py","logger":"airflow.models.dagbag.DagBag"}
{"timestamp":"2025-08-20T21:44:26.175924","level":"info","event":"Filling up the DagBag from /opt/airflow/dags/project-spark/stock_market.py","logger":"airflow.models.dagbag.DagBag"}
{"timestamp":"2025-08-20T21:44:56.517561","level":"info","event":"Filling up the DagBag from /opt/airflow/dags/project-spark/stock_market.py","logger":"airflow.models.dagbag.DagBag"}
{"timestamp":"2025-08-20T21:45:26.829530","level":"info","event":"Filling up the DagBag from /opt/airflow/dags/project-spark/stock_market.py","logger":"airflow.models.dagbag.DagBag"}
{"timestamp":"2025-08-20T21:45:57.157172","level":"info","event":"Filling up the DagBag from /opt/airflow/dags/project-spark/stock_market.py","logger":"airflow.models.dagbag.DagBag"}
{"timestamp":"2025-08-20T21:46:27.506223","level":"info","event":"Filling up the DagBag from /opt/airflow/dags/project-spark/stock_market.py","logger":"airflow.models.dagbag.DagBag"}
{"timestamp":"2025-08-20T21:46:57.826005","level":"info","event":"Filling up the DagBag from /opt/airflow/dags/project-spark/stock_market.py","logger":"airflow.models.dagbag.DagBag"}
{"timestamp":"2025-08-20T21:47:28.152819","level":"info","event":"Filling up the DagBag from /opt/airflow/dags/project-spark/stock_market.py","logger":"airflow.models.dagbag.DagBag"}
{"timestamp":"2025-08-20T21:47:58.499311","level":"info","event":"Filling up the DagBag from /opt/airflow/dags/project-spark/stock_market.py","logger":"airflow.models.dagbag.DagBag"}
{"timestamp":"2025-08-20T21:48:28.783342","level":"info","event":"Filling up the DagBag from /opt/airflow/dags/project-spark/stock_market.py","logger":"airflow.models.dagbag.DagBag"}
{"timestamp":"2025-08-20T21:48:59.210298","level":"info","event":"Filling up the DagBag from /opt/airflow/dags/project-spark/stock_market.py","logger":"airflow.models.dagbag.DagBag"}
{"timestamp":"2025-08-20T21:49:00.351894","level":"info","event":"Filling up the DagBag from /opt/airflow/dags/project-spark/stock_market.py","logger":"airflow.models.dagbag.DagBag"}
